#
# A fatal error has been detected by the Java Runtime Environment:
#
#  EXCEPTION_ACCESS_VIOLATION (0xc0000005) at pc=0x000000007041aea4, pid=68604, tid=0x0000000000019de8
#
# JRE version: Java(TM) SE Runtime Environment (8.0_171-b11) (build 1.8.0_171-b11)
# Java VM: Java HotSpot(TM) 64-Bit Server VM (25.171-b11 mixed mode windows-amd64 compressed oops)
# Problematic frame:
# C  [sqlite-3.23.1-12ef4db4-ae34-4131-9220-73afb5a0687a-sqlitejdbc.dll+0x1aea4]
#
# Failed to write core dump. Minidumps are not enabled by default on client versions of Windows
#
# If you would like to submit a bug report, please visit:
#   http://bugreport.java.com/bugreport/crash.jsp
# The crash happened outside the Java Virtual Machine in native code.
# See problematic frame for where to report the bug.
#

---------------  T H R E A D  ---------------

Current thread (0x000000003c343800):  JavaThread "Thread-15068" [_thread_in_native, id=105960, stack(0x000000014af00000,0x000000014b000000)]

siginfo: ExceptionCode=0xc0000005, reading address 0xffffffffffffffff

Registers:
RAX=0x2a207463656c6573, RBX=0x0000000000000000, RCX=0x00000001d8e10ed8, RDX=0x0000000000000000
RSP=0x000000014affee10, RBP=0x000000014affef28, RSI=0x00000001d8e10ed8, RDI=0x00000000000002d8
R8 =0x00000001d8e10ed8, R9 =0x0000000000000000, R10=0x00000000032697af, R11=0x0000000067e7c460
R12=0x0000000000000000, R13=0x000000001799ad58, R14=0x000000014affef60, R15=0x000000003c343800
RIP=0x000000007041aea4, EFLAGS=0x0000000000010206

Top of Stack: (sp=0x000000014affee10)
0x000000014affee10:   000000014afff508 00000001e75b59f0
0x000000014affee20:   00000000000003d8 00000001e75b5a00
0x000000014affee30:   000000001799ad58 00000001d8e10ed8
0x000000014affee40:   00000000175ad600 000000007041f42e
0x000000014affee50:   00000000000002d8 000000000326964b
0x000000014affee60:   00000000175ad600 000000003c343800
0x000000014affee70:   000000001799ad58 000000001799ad58
0x000000014affee80:   00000000175ad600 00000000032697db
0x000000014affee90:   000000014afff508 000000014affef28
0x000000014affeea0:   00000000000002d8 0000000003269550
0x000000014affeeb0:   000000003c343800 000000001799ad58
0x000000014affeec0:   000000003c343800 000000001799ad58
0x000000014affeed0:   000000000326950a 0000000000000003
0x000000014affeee0:   00000000daf96c90 000000014affeed8
0x000000014affeef0:   000000001799ad58 000000014affef60
0x000000014affef00:   00000000179ee558 0000000000000000 

Instructions: (pc=0x000000007041aea4)
0x000000007041ae84:   40 00 66 2e 0f 1f 84 00 00 00 00 00 56 53 48 83
0x000000007041ae94:   ec 28 48 85 c9 48 89 ce 48 63 da 74 71 48 8b 01
0x000000007041aea4:   48 8b 48 18 48 85 c9 74 06 ff 15 9d 43 0b 00 48
0x000000007041aeb4:   8b 86 88 00 00 00 48 85 c0 74 31 0f b7 96 bc 00 


Register to memory mapping:

RAX=0x2a207463656c6573 is an unknown value
RBX=0x0000000000000000 is an unknown value
RCX=0x00000001d8e10ed8 is an unknown value
RDX=0x0000000000000000 is an unknown value
RSP=0x000000014affee10 is pointing into the stack for thread: 0x000000003c343800
RBP=0x000000014affef28 is pointing into the stack for thread: 0x000000003c343800
RSI=0x00000001d8e10ed8 is an unknown value
RDI=0x00000000000002d8 is an unknown value
R8 =0x00000001d8e10ed8 is an unknown value
R9 =0x0000000000000000 is an unknown value
R10=0x00000000032697af is at code_begin+1295 in an Interpreter codelet
method entry point (kind = native_synchronized)  [0x00000000032692a0, 0x0000000003269e00]  2912 bytes
R11=0x0000000067e7c460 is an unknown value
R12=0x0000000000000000 is an unknown value
R13={method} {0x000000001799ad60} 'column_int' '(JI)I' in 'org/sqlite/core/NativeDB'
R14=0x000000014affef60 is pointing into the stack for thread: 0x000000003c343800
R15=0x000000003c343800 is a thread


Stack: [0x000000014af00000,0x000000014b000000],  sp=0x000000014affee10,  free space=1019k
Native frames: (J=compiled Java code, j=interpreted, Vv=VM code, C=native code)
C  [sqlite-3.23.1-12ef4db4-ae34-4131-9220-73afb5a0687a-sqlitejdbc.dll+0x1aea4]
C  [sqlite-3.23.1-12ef4db4-ae34-4131-9220-73afb5a0687a-sqlitejdbc.dll+0x1f42e]
C  0x00000000032697db

Java frames: (J=compiled Java code, j=interpreted, Vv=VM code)
j  org.sqlite.core.NativeDB.column_int(JI)I+0
j  org.sqlite.jdbc3.JDBC3ResultSet.getInt(I)I+16
j  org.sqlite.jdbc3.JDBC3ResultSet.getInt(Ljava/lang/String;)I+6
j  grupo2.LN.GestorConjuntos.maxIdConjunto()I+24
j  grupo2.LN.GestorConjuntos.anyadirConjunto(Lgrupo2/LN/Conjunto;)Z+19
j  grupo2.ContiperfTest.testanyadirConjunto()V+8
j  sun.reflect.GeneratedMethodAccessor16.invoke(Ljava/lang/Object;[Ljava/lang/Object;)Ljava/lang/Object;+36
J 766 C2 org.databene.contiperf.PerformanceTracker.invoke([Ljava/lang/Object;)Ljava/lang/Object; (221 bytes) @ 0x000000000352be14 [0x000000000352bc00+0x214]
J 761 C2 java.lang.Thread.run()V (17 bytes) @ 0x00000000035168a8 [0x0000000003516800+0xa8]
v  ~StubRoutines::call_stub

---------------  P R O C E S S  ---------------

Java Threads: ( => current thread )
  0x000000001a0cb800 JavaThread "Thread-15089" [_thread_blocked, id=50852, stack(0x000000014c400000,0x000000014c500000)]
  0x000000001a0c4000 JavaThread "Thread-15088" [_thread_blocked, id=80068, stack(0x000000014c300000,0x000000014c400000)]
  0x000000001a0c6800 JavaThread "Thread-15087" [_thread_blocked, id=62936, stack(0x000000014c200000,0x000000014c300000)]
  0x000000001a0cb000 JavaThread "Thread-15086" [_thread_blocked, id=60296, stack(0x000000014c100000,0x000000014c200000)]
  0x000000001a0c5800 JavaThread "Thread-15085" [_thread_blocked, id=60368, stack(0x000000014c000000,0x000000014c100000)]
  0x000000001a0c5000 JavaThread "Thread-15084" [_thread_blocked, id=95932, stack(0x000000014bf00000,0x000000014c000000)]
  0x000000001a0ca000 JavaThread "Thread-15083" [_thread_blocked, id=53344, stack(0x000000014be00000,0x000000014bf00000)]
  0x000000001a0c9800 JavaThread "Thread-15082" [_thread_blocked, id=32624, stack(0x000000014bd00000,0x000000014be00000)]
  0x000000001a0c8000 JavaThread "Thread-15081" [_thread_blocked, id=38308, stack(0x000000014bc00000,0x000000014bd00000)]
  0x000000001a0bc800 JavaThread "Thread-15080" [_thread_blocked, id=21060, stack(0x000000014bb00000,0x000000014bc00000)]
  0x000000001a0c3800 JavaThread "Thread-15079" [_thread_blocked, id=65132, stack(0x000000014ba00000,0x000000014bb00000)]
  0x000000001a0c2800 JavaThread "Thread-15078" [_thread_blocked, id=53168, stack(0x000000014b900000,0x000000014ba00000)]
  0x000000001a0c2000 JavaThread "Thread-15077" [_thread_blocked, id=64832, stack(0x000000014b800000,0x000000014b900000)]
  0x000000001a0c0800 JavaThread "Thread-15076" [_thread_blocked, id=19976, stack(0x000000014b700000,0x000000014b800000)]
  0x000000001a0bf800 JavaThread "Thread-15075" [_thread_blocked, id=7108, stack(0x000000014b600000,0x000000014b700000)]
  0x000000001a0bf000 JavaThread "Thread-15074" [_thread_blocked, id=42920, stack(0x000000014b500000,0x000000014b600000)]
  0x000000001a0bd800 JavaThread "Thread-15073" [_thread_blocked, id=62752, stack(0x000000014b400000,0x000000014b500000)]
  0x000000001a0be000 JavaThread "Thread-15072" [_thread_blocked, id=53172, stack(0x000000014b300000,0x000000014b400000)]
  0x000000001a0c1000 JavaThread "Thread-15071" [_thread_blocked, id=103712, stack(0x000000014b200000,0x000000014b300000)]
  0x000000003c347800 JavaThread "Thread-15070" [_thread_blocked, id=108672, stack(0x000000014b100000,0x000000014b200000)]
  0x000000003c340000 JavaThread "Thread-15069" [_thread_blocked, id=7856, stack(0x000000014b000000,0x000000014b100000)]
=>0x000000003c343800 JavaThread "Thread-15068" [_thread_in_native, id=105960, stack(0x000000014af00000,0x000000014b000000)]
  0x000000003c341800 JavaThread "Thread-15067" [_thread_blocked, id=97444, stack(0x000000014ae00000,0x000000014af00000)]
  0x000000003c343000 JavaThread "Thread-15066" [_thread_blocked, id=57488, stack(0x000000014ad00000,0x000000014ae00000)]
  0x000000003c345000 JavaThread "Thread-15065" [_thread_blocked, id=14068, stack(0x000000014ac00000,0x000000014ad00000)]
  0x000000003c346800 JavaThread "Thread-15064" [_thread_blocked, id=22688, stack(0x000000014ab00000,0x000000014ac00000)]
  0x000000003c346000 JavaThread "Thread-15063" [_thread_blocked, id=57052, stack(0x000000014aa00000,0x000000014ab00000)]
  0x000000003c33d800 JavaThread "Thread-15062" [_thread_blocked, id=15440, stack(0x000000014a900000,0x000000014aa00000)]
  0x000000003c342000 JavaThread "Thread-15061" [_thread_blocked, id=96560, stack(0x000000014a800000,0x000000014a900000)]
  0x000000003c340800 JavaThread "Thread-15060" [_thread_blocked, id=45436, stack(0x000000014a700000,0x000000014a800000)]
  0x000000003c33e800 JavaThread "Thread-15059" [_thread_blocked, id=67092, stack(0x000000014a600000,0x000000014a700000)]
  0x000000003c344800 JavaThread "Thread-15058" [_thread_blocked, id=61212, stack(0x000000014a500000,0x000000014a600000)]
  0x000000003c338800 JavaThread "Thread-15057" [_thread_blocked, id=35480, stack(0x000000014a400000,0x000000014a500000)]
  0x000000003c33a000 JavaThread "Thread-15056" [_thread_blocked, id=102568, stack(0x000000014a300000,0x000000014a400000)]
  0x000000003c33c000 JavaThread "Thread-15055" [_thread_blocked, id=20144, stack(0x000000014a200000,0x000000014a300000)]
  0x000000003c33f000 JavaThread "Thread-15054" [_thread_blocked, id=87532, stack(0x000000014a100000,0x000000014a200000)]
  0x000000003c33d000 JavaThread "Thread-15053" [_thread_blocked, id=100484, stack(0x000000014a000000,0x000000014a100000)]
  0x000000003c339000 JavaThread "Thread-15051" [_thread_blocked, id=27980, stack(0x0000000149e00000,0x0000000149f00000)]
  0x000000003c33a800 JavaThread "Thread-15050" [_thread_blocked, id=4460, stack(0x0000000149d00000,0x0000000149e00000)]
  0x0000000171c12000 JavaThread "Thread-15049" [_thread_blocked, id=58360, stack(0x0000000149c00000,0x0000000149d00000)]
  0x0000000171c11800 JavaThread "Thread-15048" [_thread_blocked, id=68968, stack(0x0000000149b00000,0x0000000149c00000)]
  0x0000000171c18000 JavaThread "Thread-15047" [_thread_blocked, id=109512, stack(0x0000000149a00000,0x0000000149b00000)]
  0x0000000171c17800 JavaThread "Thread-15046" [_thread_blocked, id=19200, stack(0x0000000149900000,0x0000000149a00000)]
  0x0000000171c13000 JavaThread "Thread-15045" [_thread_blocked, id=33460, stack(0x0000000149800000,0x0000000149900000)]
  0x0000000171c16800 JavaThread "Thread-15044" [_thread_blocked, id=79964, stack(0x0000000149700000,0x0000000149800000)]
  0x0000000171c13800 JavaThread "Thread-15043" [_thread_blocked, id=8592, stack(0x0000000149600000,0x0000000149700000)]
  0x0000000171c15000 JavaThread "Thread-15042" [_thread_blocked, id=39668, stack(0x0000000149500000,0x0000000149600000)]
  0x0000000171c16000 JavaThread "Thread-15041" [_thread_blocked, id=109664, stack(0x0000000149400000,0x0000000149500000)]
  0x0000000171c14800 JavaThread "Thread-15040" [_thread_blocked, id=62704, stack(0x0000000149300000,0x0000000149400000)]
  0x000000001983d000 JavaThread "ReaderThread" [_thread_in_native, id=1640, stack(0x0000000019c40000,0x0000000019d40000)]
  0x0000000017d4e000 JavaThread "Service Thread" daemon [_thread_blocked, id=79172, stack(0x0000000019a40000,0x0000000019b40000)]
  0x0000000017cfd000 JavaThread "C1 CompilerThread2" daemon [_thread_blocked, id=69656, stack(0x0000000019540000,0x0000000019640000)]
  0x0000000017cf3000 JavaThread "C2 CompilerThread1" daemon [_thread_blocked, id=95624, stack(0x0000000019440000,0x0000000019540000)]
  0x0000000017cf0000 JavaThread "C2 CompilerThread0" daemon [_thread_blocked, id=26012, stack(0x0000000019340000,0x0000000019440000)]
  0x0000000017cee800 JavaThread "Attach Listener" daemon [_thread_blocked, id=87584, stack(0x0000000019240000,0x0000000019340000)]
  0x0000000017ced000 JavaThread "Signal Dispatcher" daemon [_thread_blocked, id=101124, stack(0x0000000019140000,0x0000000019240000)]
  0x000000000324e800 JavaThread "Finalizer" daemon [_thread_blocked, id=100444, stack(0x0000000018f50000,0x0000000019050000)]
  0x0000000003243000 JavaThread "Reference Handler" daemon [_thread_blocked, id=112944, stack(0x0000000018e50000,0x0000000018f50000)]
  0x0000000003153000 JavaThread "main" [_thread_blocked, id=94664, stack(0x0000000003050000,0x0000000003150000)]

Other Threads:
  0x0000000017cb7000 VMThread [stack: 0x0000000018d50000,0x0000000018e50000] [id=79012]
  0x0000000019686000 WatcherThread [stack: 0x0000000019b40000,0x0000000019c40000] [id=37708]

VM state:not at safepoint (normal execution)

VM Mutex/Monitor currently owned by a thread: None

Heap:
 PSYoungGen      total 211456K, used 79765K [0x00000000d6300000, 0x00000000f5f00000, 0x0000000100000000)
  eden space 210944K, 37% used [0x00000000d6300000,0x00000000db0dd568,0x00000000e3100000)
  from space 512K, 6% used [0x00000000f5e80000,0x00000000f5e88010,0x00000000f5f00000)
  to   space 6144K, 0% used [0x00000000f5300000,0x00000000f5300000,0x00000000f5900000)
 ParOldGen       total 86016K, used 4503K [0x0000000082800000, 0x0000000087c00000, 0x00000000d6300000)
  object space 86016K, 5% used [0x0000000082800000,0x0000000082c65c48,0x0000000087c00000)
 Metaspace       used 8008K, capacity 8118K, committed 8192K, reserved 1056768K
  class space    used 939K, capacity 963K, committed 1024K, reserved 1048576K

Card table byte_map: [0x0000000012610000,0x0000000012a00000] byte_map_base: 0x00000000121fc000

Marking Bits: (ParMarkBitMap*) 0x00000000684708c0
 Begin Bits: [0x00000000130a0000, 0x0000000015000000)
 End Bits:   [0x0000000015000000, 0x0000000016f60000)

Polling page: 0x0000000002e10000

CodeCache: size=245760Kb used=3484Kb max_used=3497Kb free=242275Kb
 bounds [0x0000000003250000, 0x00000000035c0000, 0x0000000012250000]
 total_blobs=1291 nmethods=964 adapters=240
 compilation: enabled

Compilation events (10 events):
Event: 17.327 Thread 0x0000000017cfd000 nmethod 953 0x00000000035a0050 code [0x00000000035a01a0, 0x00000000035a02b0]
Event: 17.327 Thread 0x0000000017cfd000  954   !   3       java.io.PrintStream::write (69 bytes)
Event: 17.327 Thread 0x0000000017cfd000 nmethod 954 0x00000000035a0310 code [0x00000000035a04e0, 0x00000000035a0c58]
Event: 17.327 Thread 0x0000000017cfd000  955  s    3       java.io.BufferedOutputStream::write (67 bytes)
Event: 17.328 Thread 0x0000000017cfd000 nmethod 955 0x00000000035a1090 code [0x00000000035a1260, 0x00000000035a1ab8]
Event: 17.328 Thread 0x0000000017cfd000  957       3       sun.nio.cs.UTF_8$Encoder::encodeLoop (28 bytes)
Event: 17.328 Thread 0x0000000017cfd000 nmethod 957 0x00000000035a1d90 code [0x00000000035a1f20, 0x00000000035a2458]
Event: 17.328 Thread 0x0000000017cfd000  956   !   3       java.nio.charset.CharsetEncoder::encode (285 bytes)
Event: 17.330 Thread 0x0000000017cfd000 nmethod 956 0x00000000035a25d0 code [0x00000000035a28a0, 0x00000000035a3e38]
Event: 17.330 Thread 0x0000000017cfd000  959       3       sun.nio.cs.UTF_8$Encoder::encodeArrayLoop (489 bytes)

GC Heap History (10 events):
Event: 7.756 GC heap before
{Heap before GC invocations=8 (full 0):
 PSYoungGen      total 267264K, used 262368K [0x00000000d6300000, 0x00000000f6f00000, 0x0000000100000000)
  eden space 262144K, 100% used [0x00000000d6300000,0x00000000e6300000,0x00000000e6300000)
  from space 5120K, 4% used [0x00000000e6300000,0x00000000e6338010,0x00000000e6800000)
  to   space 6144K, 0% used [0x00000000f6900000,0x00000000f6900000,0x00000000f6f00000)
 ParOldGen       total 86016K, used 1356K [0x0000000082800000, 0x0000000087c00000, 0x00000000d6300000)
  object space 86016K, 1% used [0x0000000082800000,0x00000000829533c0,0x0000000087c00000)
 Metaspace       used 6963K, capacity 7066K, committed 7296K, reserved 1056768K
  class space    used 819K, capacity 857K, committed 896K, reserved 1048576K
Event: 7.760 GC heap after
Heap after GC invocations=8 (full 0):
 PSYoungGen      total 254464K, used 3079K [0x00000000d6300000, 0x00000000f6c80000, 0x0000000100000000)
  eden space 250880K, 0% used [0x00000000d6300000,0x00000000d6300000,0x00000000e5800000)
  from space 3584K, 85% used [0x00000000f6900000,0x00000000f6c01c70,0x00000000f6c80000)
  to   space 6144K, 0% used [0x00000000f6080000,0x00000000f6080000,0x00000000f6680000)
 ParOldGen       total 86016K, used 1364K [0x0000000082800000, 0x0000000087c00000, 0x00000000d6300000)
  object space 86016K, 1% used [0x0000000082800000,0x00000000829553c0,0x0000000087c00000)
 Metaspace       used 6963K, capacity 7066K, committed 7296K, reserved 1056768K
  class space    used 819K, capacity 857K, committed 896K, reserved 1048576K
}
Event: 10.051 GC heap before
{Heap before GC invocations=9 (full 0):
 PSYoungGen      total 254464K, used 253959K [0x00000000d6300000, 0x00000000f6c80000, 0x0000000100000000)
  eden space 250880K, 100% used [0x00000000d6300000,0x00000000e5800000,0x00000000e5800000)
  from space 3584K, 85% used [0x00000000f6900000,0x00000000f6c01c70,0x00000000f6c80000)
  to   space 6144K, 0% used [0x00000000f6080000,0x00000000f6080000,0x00000000f6680000)
 ParOldGen       total 86016K, used 1364K [0x0000000082800000, 0x0000000087c00000, 0x00000000d6300000)
  object space 86016K, 1% used [0x0000000082800000,0x00000000829553c0,0x0000000087c00000)
 Metaspace       used 6963K, capacity 7066K, committed 7296K, reserved 1056768K
  class space    used 819K, capacity 857K, committed 896K, reserved 1048576K
Event: 10.055 GC heap after
Heap after GC invocations=9 (full 0):
 PSYoungGen      total 243200K, used 2867K [0x00000000d6300000, 0x00000000f6980000, 0x0000000100000000)
  eden space 240128K, 0% used [0x00000000d6300000,0x00000000d6300000,0x00000000e4d80000)
  from space 3072K, 93% used [0x00000000f6080000,0x00000000f634ce40,0x00000000f6380000)
  to   space 5632K, 0% used [0x00000000f6400000,0x00000000f6400000,0x00000000f6980000)
 ParOldGen       total 86016K, used 1404K [0x0000000082800000, 0x0000000087c00000, 0x00000000d6300000)
  object space 86016K, 1% used [0x0000000082800000,0x000000008295f3d0,0x0000000087c00000)
 Metaspace       used 6963K, capacity 7066K, committed 7296K, reserved 1056768K
  class space    used 819K, capacity 857K, committed 896K, reserved 1048576K
}
Event: 12.138 GC heap before
{Heap before GC invocations=10 (full 0):
 PSYoungGen      total 243200K, used 242995K [0x00000000d6300000, 0x00000000f6980000, 0x0000000100000000)
  eden space 240128K, 100% used [0x00000000d6300000,0x00000000e4d80000,0x00000000e4d80000)
  from space 3072K, 93% used [0x00000000f6080000,0x00000000f634ce40,0x00000000f6380000)
  to   space 5632K, 0% used [0x00000000f6400000,0x00000000f6400000,0x00000000f6980000)
 ParOldGen       total 86016K, used 1404K [0x0000000082800000, 0x0000000087c00000, 0x00000000d6300000)
  object space 86016K, 1% used [0x0000000082800000,0x000000008295f3d0,0x0000000087c00000)
 Metaspace       used 7018K, capacity 7142K, committed 7296K, reserved 1056768K
  class space    used 825K, capacity 859K, committed 896K, reserved 1048576K
Event: 12.139 GC heap after
Heap after GC invocations=10 (full 0):
 PSYoungGen      total 230400K, used 192K [0x00000000d6300000, 0x00000000f6480000, 0x0000000100000000)
  eden space 229888K, 0% used [0x00000000d6300000,0x00000000d6300000,0x00000000e4380000)
  from space 512K, 37% used [0x00000000f6400000,0x00000000f6430010,0x00000000f6480000)
  to   space 6144K, 0% used [0x00000000f5880000,0x00000000f5880000,0x00000000f5e80000)
 ParOldGen       total 86016K, used 1752K [0x0000000082800000, 0x0000000087c00000, 0x00000000d6300000)
  object space 86016K, 2% used [0x0000000082800000,0x00000000829b6200,0x0000000087c00000)
 Metaspace       used 7018K, capacity 7142K, committed 7296K, reserved 1056768K
  class space    used 825K, capacity 859K, committed 896K, reserved 1048576K
}
Event: 14.364 GC heap before
{Heap before GC invocations=11 (full 0):
 PSYoungGen      total 230400K, used 230080K [0x00000000d6300000, 0x00000000f6480000, 0x0000000100000000)
  eden space 229888K, 100% used [0x00000000d6300000,0x00000000e4380000,0x00000000e4380000)
  from space 512K, 37% used [0x00000000f6400000,0x00000000f6430010,0x00000000f6480000)
  to   space 6144K, 0% used [0x00000000f5880000,0x00000000f5880000,0x00000000f5e80000)
 ParOldGen       total 86016K, used 1752K [0x0000000082800000, 0x0000000087c00000, 0x00000000d6300000)
  object space 86016K, 2% used [0x0000000082800000,0x00000000829b6200,0x0000000087c00000)
 Metaspace       used 7035K, capacity 7160K, committed 7296K, reserved 1056768K
  class space    used 827K, capacity 862K, committed 896K, reserved 1048576K
Event: 14.369 GC heap after
Heap after GC invocations=11 (full 0):
 PSYoungGen      total 226304K, used 2910K [0x00000000d6300000, 0x00000000f6480000, 0x0000000100000000)
  eden space 220160K, 0% used [0x00000000d6300000,0x00000000d6300000,0x00000000e3a00000)
  from space 6144K, 47% used [0x00000000f5880000,0x00000000f5b57a38,0x00000000f5e80000)
  to   space 6144K, 0% used [0x00000000f5e80000,0x00000000f5e80000,0x00000000f6480000)
 ParOldGen       total 86016K, used 1824K [0x0000000082800000, 0x0000000087c00000, 0x00000000d6300000)
  object space 86016K, 2% used [0x0000000082800000,0x00000000829c8210,0x0000000087c00000)
 Metaspace       used 7035K, capacity 7160K, committed 7296K, reserved 1056768K
  class space    used 827K, capacity 862K, committed 896K, reserved 1048576K
}
Event: 16.456 GC heap before
{Heap before GC invocations=12 (full 0):
 PSYoungGen      total 226304K, used 223070K [0x00000000d6300000, 0x00000000f6480000, 0x0000000100000000)
  eden space 220160K, 100% used [0x00000000d6300000,0x00000000e3a00000,0x00000000e3a00000)
  from space 6144K, 47% used [0x00000000f5880000,0x00000000f5b57a38,0x00000000f5e80000)
  to   space 6144K, 0% used [0x00000000f5e80000,0x00000000f5e80000,0x00000000f6480000)
 ParOldGen       total 86016K, used 1824K [0x0000000082800000, 0x0000000087c00000, 0x00000000d6300000)
  object space 86016K, 2% used [0x0000000082800000,0x00000000829c8210,0x0000000087c00000)
 Metaspace       used 7035K, capacity 7160K, committed 7296K, reserved 1056768K
  class space    used 827K, capacity 862K, committed 896K, reserved 1048576K
Event: 16.460 GC heap after
Heap after GC invocations=12 (full 0):
 PSYoungGen      total 211456K, used 32K [0x00000000d6300000, 0x00000000f5f00000, 0x0000000100000000)
  eden space 210944K, 0% used [0x00000000d6300000,0x00000000d6300000,0x00000000e3100000)
  from space 512K, 6% used [0x00000000f5e80000,0x00000000f5e88010,0x00000000f5f00000)
  to   space 6144K, 0% used [0x00000000f5300000,0x00000000f5300000,0x00000000f5900000)
 ParOldGen       total 86016K, used 4503K [0x0000000082800000, 0x0000000087c00000, 0x00000000d6300000)
  object space 86016K, 5% used [0x0000000082800000,0x0000000082c65c48,0x0000000087c00000)
 Metaspace       used 7035K, capacity 7160K, committed 7296K, reserved 1056768K
  class space    used 827K, capacity 862K, committed 896K, reserved 1048576K
}

Deoptimization events (10 events):
Event: 7.406 Thread 0x000000003be51800 Uncommon trap: reason=unstable_if action=reinterpret pc=0x00000000035214b8 method=org.databene.contiperf.PerformanceTracker.invoke([Ljava/lang/Object;)Ljava/lang/Object; @ 149
Event: 7.406 Thread 0x000000003be4d000 Uncommon trap: reason=unstable_if action=reinterpret pc=0x00000000035214b8 method=org.databene.contiperf.PerformanceTracker.invoke([Ljava/lang/Object;)Ljava/lang/Object; @ 149
Event: 11.003 Thread 0x0000000003153000 Uncommon trap: reason=unstable_if action=reinterpret pc=0x00000000034be43c method=java.lang.Long.valueOf(J)Ljava/lang/Long; @ 13
Event: 17.119 Thread 0x0000000003153000 Uncommon trap: reason=unstable_if action=reinterpret pc=0x0000000003424448 method=java.lang.AbstractStringBuilder.append(Ljava/lang/String;)Ljava/lang/AbstractStringBuilder; @ 1
Event: 17.136 Thread 0x0000000003153000 Uncommon trap: reason=unstable_if action=reinterpret pc=0x00000000034f55b4 method=java.lang.reflect.Method.invoke(Ljava/lang/Object;[Ljava/lang/Object;)Ljava/lang/Object; @ 4
Event: 17.299 Thread 0x0000000003153000 Uncommon trap: reason=unstable_if action=reinterpret pc=0x000000000359c184 method=org.sqlite.SQLiteJDBCLoader.contentsEquals(Ljava/io/InputStream;Ljava/io/InputStream;)Z @ 39
Event: 17.323 Thread 0x000000003c33b800 Uncommon trap: reason=uninitialized action=reinterpret pc=0x000000000352cbb4 method=org.junit.internal.runners.model.ReflectiveCallable.run()Ljava/lang/Object; @ 7
Event: 17.328 Thread 0x000000001a0c2800 Uncommon trap: reason=class_check action=maybe_recompile pc=0x0000000003351b58 method=java.io.Writer.write(Ljava/lang/String;)V @ 7
Event: 17.328 Thread 0x000000001a0c2800 Uncommon trap: reason=unstable_if action=reinterpret pc=0x000000000355b1d8 method=sun.nio.cs.UTF_8$Encoder.encodeArrayLoop(Ljava/nio/CharBuffer;Ljava/nio/ByteBuffer;)Ljava/nio/charset/CoderResult; @ 87
Event: 17.328 Thread 0x000000001a0c2800 Uncommon trap: reason=class_check action=maybe_recompile pc=0x0000000003351b58 method=java.io.Writer.write(Ljava/lang/String;)V @ 7

Classes redefined (0 events):
No events

Internal exceptions (10 events):
Event: 0.415 Thread 0x0000000003153000 Exception <a 'java/lang/ClassNotFoundException': org/apache/log4j/PatternLayoutCustomizer> (0x00000000d6f559f0) thrown at [C:\re\workspace\8-2-build-windows-amd64-cygwin\jdk8u171\10807\hotspot\src\share\vm\classfile\systemDictionary.cpp, line 210]
Event: 0.441 Thread 0x0000000003153000 Exception <a 'java/lang/ClassNotFoundException': org/apache/log4j/RollingFileAppenderBeanInfo> (0x00000000d6fb05d0) thrown at [C:\re\workspace\8-2-build-windows-amd64-cygwin\jdk8u171\10807\hotspot\src\share\vm\classfile\systemDictionary.cpp, line 210]
Event: 0.442 Thread 0x0000000003153000 Exception <a 'java/lang/ClassNotFoundException': org/apache/log4j/RollingFileAppenderCustomizer> (0x00000000d6fbdbe8) thrown at [C:\re\workspace\8-2-build-windows-amd64-cygwin\jdk8u171\10807\hotspot\src\share\vm\classfile\systemDictionary.cpp, line 210]
Event: 5.055 Thread 0x0000000003153000 Implicit null exception at 0x00000000034bd8e2 to 0x00000000034bdaf1
Event: 5.057 Thread 0x000000001a2d8800 Implicit null exception at 0x00000000034cf595 to 0x00000000034cf789
Event: 5.057 Thread 0x000000001a2d6000 Implicit null exception at 0x00000000034bbaae to 0x00000000034bbc15
Event: 5.057 Thread 0x000000001a2d7000 Implicit null exception at 0x00000000034bbaae to 0x00000000034bbc15
Event: 7.224 Thread 0x0000000003153000 Implicit null exception at 0x00000000034fcbd6 to 0x00000000034fd4fd
Event: 17.119 Thread 0x0000000003153000 Implicit null exception at 0x0000000003424096 to 0x0000000003424431
Event: 17.323 Thread 0x000000003c33b800 Exception <a 'java/lang/reflect/InvocationTargetException'> (0x00000000daff8e50) thrown at [C:\re\workspace\8-2-build-windows-amd64-cygwin\jdk8u171\10807\hotspot\src\share\vm\runtime\reflection.cpp, line 1092]

Events (10 events):
Event: 17.327 loading class com/ibm/uvm/tools/DebugSupport done
Event: 17.328 Thread 0x000000001a0c2800 Uncommon trap: trap_request=0xffffffde fr.pc=0x0000000003351b58
Event: 17.328 Thread 0x000000001a0c2800 DEOPT PACKING pc=0x0000000003351b58 sp=0x000000014b9fea70
Event: 17.328 Thread 0x000000001a0c2800 DEOPT UNPACKING pc=0x000000000329583b sp=0x000000014b9fea50 mode 2
Event: 17.328 Thread 0x000000001a0c2800 Uncommon trap: trap_request=0xffffff65 fr.pc=0x000000000355b1d8
Event: 17.328 Thread 0x000000001a0c2800 DEOPT PACKING pc=0x000000000355b1d8 sp=0x000000014b9fe730
Event: 17.328 Thread 0x000000001a0c2800 DEOPT UNPACKING pc=0x000000000329583b sp=0x000000014b9fe6c0 mode 2
Event: 17.328 Thread 0x000000001a0c2800 Uncommon trap: trap_request=0xffffffde fr.pc=0x0000000003351b58
Event: 17.328 Thread 0x000000001a0c2800 DEOPT PACKING pc=0x0000000003351b58 sp=0x000000014b9fea00
Event: 17.328 Thread 0x000000001a0c2800 DEOPT UNPACKING pc=0x000000000329583b sp=0x000000014b9fe9e0 mode 2


Dynamic libraries:
0x00007ff7aece0000 - 0x00007ff7aed17000 	C:\Program Files\Java\jdk1.8.0_171\bin\javaw.exe
0x00007ffcd6ac0000 - 0x00007ffcd6ca1000 	C:\WINDOWS\SYSTEM32\ntdll.dll
0x00007ffcd5740000 - 0x00007ffcd57f2000 	C:\WINDOWS\System32\KERNEL32.DLL
0x00007ffcd3c20000 - 0x00007ffcd3e93000 	C:\WINDOWS\System32\KERNELBASE.dll
0x00007ffcd69e0000 - 0x00007ffcd6a81000 	C:\WINDOWS\System32\ADVAPI32.dll
0x00007ffcd5c30000 - 0x00007ffcd5cce000 	C:\WINDOWS\System32\msvcrt.dll
0x00007ffcd68b0000 - 0x00007ffcd690b000 	C:\WINDOWS\System32\sechost.dll
0x00007ffcd6000000 - 0x00007ffcd6124000 	C:\WINDOWS\System32\RPCRT4.dll
0x00007ffcd62a0000 - 0x00007ffcd6430000 	C:\WINDOWS\System32\USER32.dll
0x00007ffcd3b80000 - 0x00007ffcd3ba0000 	C:\WINDOWS\System32\win32u.dll
0x00007ffcd6880000 - 0x00007ffcd68a8000 	C:\WINDOWS\System32\GDI32.dll
0x00007ffcd39e0000 - 0x00007ffcd3b72000 	C:\WINDOWS\System32\gdi32full.dll
0x00007ffcd38e0000 - 0x00007ffcd397f000 	C:\WINDOWS\System32\msvcp_win.dll
0x00007ffcd35f0000 - 0x00007ffcd36ea000 	C:\WINDOWS\System32\ucrtbase.dll
0x00007ffcbdec0000 - 0x00007ffcbe129000 	C:\WINDOWS\WinSxS\amd64_microsoft.windows.common-controls_6595b64144ccf1df_6.0.17134.407_none_fb449d63306391e9\COMCTL32.dll
0x00007ffcd3f50000 - 0x00007ffcd4272000 	C:\WINDOWS\System32\combase.dll
0x00007ffcd3ba0000 - 0x00007ffcd3c1a000 	C:\WINDOWS\System32\bcryptPrimitives.dll
0x00007ffcd5c00000 - 0x00007ffcd5c2d000 	C:\WINDOWS\System32\IMM32.DLL
0x00000000684f0000 - 0x00000000685c2000 	C:\Program Files\Java\jdk1.8.0_171\jre\bin\msvcr100.dll
0x0000000067c50000 - 0x00000000684f0000 	C:\Program Files\Java\jdk1.8.0_171\jre\bin\server\jvm.dll
0x00007ffcd6130000 - 0x00007ffcd6138000 	C:\WINDOWS\System32\PSAPI.DLL
0x00007ffc9c7d0000 - 0x00007ffc9c7d9000 	C:\WINDOWS\SYSTEM32\WSOCK32.dll
0x00007ffcd0df0000 - 0x00007ffcd0e13000 	C:\WINDOWS\SYSTEM32\WINMM.dll
0x00007ffcd6970000 - 0x00007ffcd69dc000 	C:\WINDOWS\System32\WS2_32.dll
0x00007ffcc6380000 - 0x00007ffcc638a000 	C:\WINDOWS\SYSTEM32\VERSION.dll
0x00007ffcd0dc0000 - 0x00007ffcd0dea000 	C:\WINDOWS\SYSTEM32\WINMMBASE.dll
0x00007ffcd2e90000 - 0x00007ffcd2ed9000 	C:\WINDOWS\System32\cfgmgr32.dll
0x0000000067c40000 - 0x0000000067c4f000 	C:\Program Files\Java\jdk1.8.0_171\jre\bin\verify.dll
0x0000000067c10000 - 0x0000000067c39000 	C:\Program Files\Java\jdk1.8.0_171\jre\bin\java.dll
0x0000000067bf0000 - 0x0000000067c06000 	C:\Program Files\Java\jdk1.8.0_171\jre\bin\zip.dll
0x00007ffcd4280000 - 0x00007ffcd56bf000 	C:\WINDOWS\System32\SHELL32.dll
0x00007ffcd5f50000 - 0x00007ffcd5ff9000 	C:\WINDOWS\System32\shcore.dll
0x00007ffcd2ee0000 - 0x00007ffcd35ed000 	C:\WINDOWS\System32\windows.storage.dll
0x00007ffcd5aa0000 - 0x00007ffcd5af1000 	C:\WINDOWS\System32\shlwapi.dll
0x00007ffcd2dd0000 - 0x00007ffcd2de1000 	C:\WINDOWS\System32\kernel.appcore.dll
0x00007ffcd2e40000 - 0x00007ffcd2e5f000 	C:\WINDOWS\System32\profapi.dll
0x00007ffcd2df0000 - 0x00007ffcd2e3c000 	C:\WINDOWS\System32\powrprof.dll
0x00007ffcd2e80000 - 0x00007ffcd2e8a000 	C:\WINDOWS\System32\FLTLIB.DLL
0x0000000067bd0000 - 0x0000000067bea000 	C:\Program Files\Java\jdk1.8.0_171\jre\bin\net.dll
0x00007ffcd25f0000 - 0x00007ffcd2656000 	C:\WINDOWS\system32\mswsock.dll
0x00007ffcd27a0000 - 0x00007ffcd27b7000 	C:\WINDOWS\SYSTEM32\CRYPTSP.dll
0x00007ffcd21d0000 - 0x00007ffcd2203000 	C:\WINDOWS\system32\rsaenh.dll
0x00007ffcd28d0000 - 0x00007ffcd28f5000 	C:\WINDOWS\SYSTEM32\bcrypt.dll
0x00007ffcd2d00000 - 0x00007ffcd2d28000 	C:\WINDOWS\SYSTEM32\USERENV.dll
0x00007ffcd27c0000 - 0x00007ffcd27cb000 	C:\WINDOWS\SYSTEM32\CRYPTBASE.dll
0x00007ffcd2370000 - 0x00007ffcd23a8000 	C:\WINDOWS\SYSTEM32\IPHLPAPI.DLL
0x00007ffcd5cd0000 - 0x00007ffcd5cd8000 	C:\WINDOWS\System32\NSI.dll
0x00007ffcc8eb0000 - 0x00007ffcc8ec6000 	C:\WINDOWS\SYSTEM32\dhcpcsvc6.DLL
0x00007ffcc9280000 - 0x00007ffcc929a000 	C:\WINDOWS\SYSTEM32\dhcpcsvc.DLL
0x0000000067bb0000 - 0x0000000067bc1000 	C:\Program Files\Java\jdk1.8.0_171\jre\bin\nio.dll
0x0000000070400000 - 0x00000000704f7000 	C:\Users\Usuario\AppData\Local\Temp\sqlite-3.23.1-12ef4db4-ae34-4131-9220-73afb5a0687a-sqlitejdbc.dll
0x00007ffcbe130000 - 0x00007ffcbe2f9000 	C:\WINDOWS\SYSTEM32\dbghelp.dll

VM Arguments:
jvm_args: -ea -Dfile.encoding=UTF-8 
java_command: org.eclipse.jdt.internal.junit.runner.RemoteTestRunner -version 3 -port 49805 -testLoaderClass org.eclipse.jdt.internal.junit4.runner.JUnit4TestLoader -loaderpluginname org.eclipse.jdt.junit4.runtime -classNames grupo2.AllTests
java_class_path (initial): C:\Gorka Otermin\2019 (1st Semester)\PROCESO DE SOFTWARE Y CALIDAD\PROYECTO\GRUPO2_PSC_1819\target\test-classes;C:\Gorka Otermin\2019 (1st Semester)\PROCESO DE SOFTWARE Y CALIDAD\PROYECTO\GRUPO2_PSC_1819\target\classes;C:\Users\Usuario\.m2\repository\org\mockito\mockito-core\2.23.4\mockito-core-2.23.4.jar;C:\Users\Usuario\.m2\repository\net\bytebuddy\byte-buddy\1.9.3\byte-buddy-1.9.3.jar;C:\Users\Usuario\.m2\repository\net\bytebuddy\byte-buddy-agent\1.9.3\byte-buddy-agent-1.9.3.jar;C:\Users\Usuario\.m2\repository\org\objenesis\objenesis\2.6\objenesis-2.6.jar;C:\Users\Usuario\.m2\repository\log4j\log4j\1.2.17\log4j-1.2.17.jar;C:\Users\Usuario\.m2\repository\org\xerial\sqlite-jdbc\3.23.1\sqlite-jdbc-3.23.1.jar;C:\Users\Usuario\.m2\repository\org\eclipse\ui\forms\3.3.0-v20070511\forms-3.3.0-v20070511.jar;C:\Users\Usuario\.m2\repository\org\eclipse\core\runtime\3.10.0-v20140318-2214\runtime-3.10.0-v20140318-2214.jar;C:\Users\Usuario\.m2\repository\org\eclipse\osgi\3.10.0-v20140606-1445\osgi-3.10.0-v20140606-1445.jar;C:\Users\Usuario\.m2\repository\org\eclipse\equinox\common\3.6.200-v20130402-1505\common-3.6.200-v20130402-1505.jar;C:\Users\Usuario\.m2\repository\org\eclipse\core\jobs\3.6.0-v20140424-0053\jobs-3.6.0-v20140424-0053.jar;C:\Users\Usuario\.m2\repository\org\eclipse\equinox\registry\3.5.400-v20140428-1507\registry-3.5.400-v20140428-1507.jar;C:\Users\Usuario\.m2\repository\org\eclipse\equinox\preferences\3.5.200-v20140224-1527\preferences-3.5.200-v20140224-1527.jar;C:\Users\Usuario\.m2\repository\org\eclipse\core\contenttype\3.4.200-v20140207-1251\contenttype-3.4.200-v20140207-1251.jar;C:\Users\Usuario\.m2\repository\org\eclipse\equinox\app\1.3.200-v20130910-1609\app-1.3.200-v20130910-1609.jar;C:\Users\Usuario\.m2\repository\org\eclipse\jface\3.3.0-I20070606-0010\jface-3.3.0-I20070606-0010.jar;C:\Users\Usuario\.m2\repository\org\eclipse\swt\3.3.0-v3346\swt-3.3.0-v3346.jar;C:\Users\Usuario\.m2\repository\org\eclipse\core\commands\3.3
Launcher Type: SUN_STANDARD

Environment Variables:
JAVA_HOME=C:\Program Files\Java\jdk1.8.0_171
PATH=C:/Program Files/Java/jre1.8.0_191/bin/server;C:/Program Files/Java/jre1.8.0_191/bin;C:/Program Files/Java/jre1.8.0_191/lib/amd64;C:\Program Files\Java\jdk1.8.0_171;C:\Program Files (x86)\Common Files\Oracle\Java\javapath;C:\WINDOWS\system32;C:\WINDOWS;C:\WINDOWS\System32\Wbem;C:\WINDOWS\System32\WindowsPowerShell\v1.0\;C:\WINDOWS\System32\OpenSSH\;C:\Program Files\Git\bin;C:\Program Files\apache-maven-3.5.4\bin;C:\Program Files\Java\jre1.8.0_171\bin;C:\Program Files\Java\jdk1.8.0_171;C:\Program Files\doxygen\bin;C:\Program Files\MiKTeX 2.9\miktex\bin\x64;C:\Program Files\gs\gs9.25\bin;C:\Program Files (x86)\Graphviz2.38\bin;C:\Users\Usuario\AppData\Local\Microsoft\WindowsApps;;C:\WINDOWS\system32;
USERNAME=Gorka
OS=Windows_NT
PROCESSOR_IDENTIFIER=Intel64 Family 6 Model 142 Stepping 9, GenuineIntel



---------------  S Y S T E M  ---------------

OS: Windows 10.0 , 64 bit Build 17134 (10.0.17134.1)

CPU:total 4 (initial active 4) (2 cores per cpu, 2 threads per core) family 6 model 142 stepping 9, cmov, cx8, fxsr, mmx, sse, sse2, sse3, ssse3, sse4.1, sse4.2, popcnt, avx, avx2, aes, clmul, erms, 3dnowpref, lzcnt, ht, tsc, tscinvbit, bmi1, bmi2, adx

Memory: 4k page, physical 8219368k(2690992k free), swap 11365096k(2248324k free)

vm_info: Java HotSpot(TM) 64-Bit Server VM (25.171-b11) for windows-amd64 JRE (1.8.0_171-b11), built on Mar 28 2018 16:06:12 by "java_re" with MS VC++ 10.0 (VS2010)

time: Fri Nov 30 20:10:55 2018
elapsed time: 17 seconds (0d 0h 0m 17s)

