#
# A fatal error has been detected by the Java Runtime Environment:
#
#  EXCEPTION_ACCESS_VIOLATION (0xc0000005) at pc=0x00007ffcd6ad82cd, pid=113940, tid=0x00000000000185c4
#
# JRE version: Java(TM) SE Runtime Environment (8.0_171-b11) (build 1.8.0_171-b11)
# Java VM: Java HotSpot(TM) 64-Bit Server VM (25.171-b11 mixed mode windows-amd64 compressed oops)
# Problematic frame:
# C  [ntdll.dll+0x182cd]
#
# Failed to write core dump. Minidumps are not enabled by default on client versions of Windows
#
# If you would like to submit a bug report, please visit:
#   http://bugreport.java.com/bugreport/crash.jsp
# The crash happened outside the Java Virtual Machine in native code.
# See problematic frame for where to report the bug.
#

---------------  T H R E A D  ---------------

Current thread (0x0000000019f23800):  JavaThread "Thread-28" [_thread_in_native, id=99780, stack(0x000000001c520000,0x000000001c620000)]

siginfo: ExceptionCode=0xc0000005, writing address 0x000000004e4f495b

Registers:
RAX=0x0000000000ee0000, RBX=0x0000000000000000, RCX=0x000000004e4f4953, RDX=0x0000000000000000
RSP=0x000000001c61e700, RBP=0x0000000070435a50, RSI=0x000000001a8272f8, RDI=0x000000001a8308f8
R8 =0x0000000070435a50, R9 =0x0000000000000000, R10=0x00000000032d97af, R11=0x0000000067e7c460
R12=0x0000000000000000, R13=0x000000001790d7f0, R14=0x000000001c61e8a0, R15=0x0000000019f23800
RIP=0x00007ffcd6ad82cd, EFLAGS=0x0000000000010206

Top of Stack: (sp=0x000000001c61e700)
0x000000001c61e700:   0000000000000000 0000000000000000
0x000000001c61e710:   0000000000000000 0000000067e6a299
0x000000001c61e720:   0000000019f23800 0000000070422409
0x000000001c61e730:   0000000019f23800 000000001c61e8a0
0x000000001c61e740:   0000000019eff26a 0000000019f23800
0x000000001c61e750:   000000001c61e818 0000000067e8dbdf
0x000000001c61e760:   000000001c61e818 000000001790d7f0
0x000000001c61e770:   0000000019f239f8 00000000032c7da0
0x000000001c61e780:   000000001c61e868 00000000704029c9
0x000000001c61e790:   0000000019eea5d8 0000000019f23800
0x000000001c61e7a0:   0000000000000064 0000000067e8db2c
0x000000001c61e7b0:   0000000019da8dc0 000000001790d7f0
0x000000001c61e7c0:   0000000000000064 00000000032d97db
0x000000001c61e7d0:   0000000019eff26a 0000000019f23800
0x000000001c61e7e0:   00000000032c7da0 00000000032d9550
0x000000001c61e7f0:   0000000019f23800 000000001790d7f0 

Instructions: (pc=0x00007ffcd6ad82cd)
0x00007ffcd6ad82ad:   5e c3 f0 ff 43 38 eb c8 cc cc cc cc cc cc cc cc
0x00007ffcd6ad82bd:   cc cc cc 48 83 ec 28 65 48 8b 04 25 30 00 00 00
0x00007ffcd6ad82cd:   f0 0f ba 71 08 00 48 8b 40 48 73 12 48 89 41 10
0x00007ffcd6ad82dd:   33 c0 c7 41 0c 01 00 00 00 48 83 c4 28 c3 48 39 


Register to memory mapping:

RAX=0x0000000000ee0000 is an unknown value
RBX=0x0000000000000000 is an unknown value
RCX=0x000000004e4f4953 is an unknown value
RDX=0x0000000000000000 is an unknown value
RSP=0x000000001c61e700 is pointing into the stack for thread: 0x0000000019f23800
RBP=0x0000000070435a50 is an unknown value
RSI=0x000000001a8272f8 is an unknown value
RDI=0x000000001a8308f8 is an unknown value
R8 =0x0000000070435a50 is an unknown value
R9 =0x0000000000000000 is an unknown value
R10=0x00000000032d97af is at code_begin+1295 in an Interpreter codelet
method entry point (kind = native_synchronized)  [0x00000000032d92a0, 0x00000000032d9e00]  2912 bytes
R11=0x0000000067e7c460 is an unknown value
R12=0x0000000000000000 is an unknown value
R13={method} {0x000000001790d7f8} 'column_name_utf8' '(JI)[B' in 'org/sqlite/core/NativeDB'
R14=0x000000001c61e8a0 is pointing into the stack for thread: 0x0000000019f23800
R15=0x0000000019f23800 is a thread


Stack: [0x000000001c520000,0x000000001c620000],  sp=0x000000001c61e700,  free space=1017k
Native frames: (J=compiled Java code, j=interpreted, Vv=VM code, C=native code)
C  [ntdll.dll+0x182cd]
C  [sqlite-3.23.1-5b271e3c-ee37-409e-952c-7b2abdc79e78-sqlitejdbc.dll+0x22409]
C  [sqlite-3.23.1-5b271e3c-ee37-409e-952c-7b2abdc79e78-sqlitejdbc.dll+0x29c9]
C  0x00000000032d97db

Java frames: (J=compiled Java code, j=interpreted, Vv=VM code)
j  org.sqlite.core.NativeDB.column_name_utf8(JI)[B+0
j  org.sqlite.core.NativeDB.column_name(JI)Ljava/lang/String;+3
j  org.sqlite.core.DB.column_names(J)[Ljava/lang/String;+26
j  org.sqlite.jdbc3.JDBC3Statement.getResultSet()Ljava/sql/ResultSet;+62
j  org.sqlite.jdbc3.JDBC3Statement.executeQuery(Ljava/lang/String;)Ljava/sql/ResultSet;+43
j  grupo2.LN.GestorUsuario.nombreUsuario()Ljava/lang/String;+8
j  grupo2.LN.GestorConjuntos.anyadirConjunto(Lgrupo2/LN/Conjunto;)Z+86
j  grupo2.ContiperfTest.testanyadirConjunto()V+14
j  sun.reflect.GeneratedMethodAccessor4.invoke(Ljava/lang/Object;[Ljava/lang/Object;)Ljava/lang/Object;+36
j  sun.reflect.DelegatingMethodAccessorImpl.invoke(Ljava/lang/Object;[Ljava/lang/Object;)Ljava/lang/Object;+6
j  java.lang.reflect.Method.invoke(Ljava/lang/Object;[Ljava/lang/Object;)Ljava/lang/Object;+56
j  org.junit.runners.model.FrameworkMethod$1.runReflectiveCall()Ljava/lang/Object;+15
j  org.junit.internal.runners.model.ReflectiveCallable.run()Ljava/lang/Object;+1
j  org.junit.runners.model.FrameworkMethod.invokeExplosively(Ljava/lang/Object;[Ljava/lang/Object;)Ljava/lang/Object;+10
j  org.junit.internal.runners.statements.InvokeMethod.evaluate()V+12
j  org.databene.contiperf.junit.JUnitInvoker.invoke([Ljava/lang/Object;)Ljava/lang/Object;+4
j  org.databene.contiperf.util.InvokerProxy.invoke([Ljava/lang/Object;)Ljava/lang/Object;+5
j  org.databene.contiperf.PerformanceTracker.invoke([Ljava/lang/Object;)Ljava/lang/Object;+47
j  org.databene.contiperf.TimedRunner.run()V+24
j  java.lang.Thread.run()V+11
v  ~StubRoutines::call_stub

---------------  P R O C E S S  ---------------

Java Threads: ( => current thread )
  0x0000000019e18000 JavaThread "Thread-49" [_thread_blocked, id=93932, stack(0x000000001da20000,0x000000001db20000)]
  0x0000000019e1a000 JavaThread "Thread-48" [_thread_blocked, id=117468, stack(0x000000001d920000,0x000000001da20000)]
  0x0000000019e18800 JavaThread "Thread-47" [_thread_blocked, id=116880, stack(0x000000001d820000,0x000000001d920000)]
  0x0000000019e17000 JavaThread "Thread-46" [_thread_blocked, id=99840, stack(0x000000001d720000,0x000000001d820000)]
  0x0000000019e1b800 JavaThread "Thread-45" [_thread_blocked, id=56792, stack(0x000000001d620000,0x000000001d720000)]
  0x0000000019e1e000 JavaThread "Thread-44" [_thread_blocked, id=100480, stack(0x000000001d520000,0x000000001d620000)]
  0x0000000019e1d800 JavaThread "Thread-43" [_thread_blocked, id=94700, stack(0x000000001d420000,0x000000001d520000)]
  0x0000000019e19800 JavaThread "Thread-42" [_thread_blocked, id=99940, stack(0x000000001d320000,0x000000001d420000)]
  0x0000000019e1c800 JavaThread "Thread-41" [_thread_blocked, id=28312, stack(0x000000001d220000,0x000000001d320000)]
  0x0000000019f29800 JavaThread "Thread-40" [_thread_blocked, id=34136, stack(0x000000001d120000,0x000000001d220000)]
  0x0000000019f29000 JavaThread "Thread-39" [_thread_blocked, id=79180, stack(0x000000001d020000,0x000000001d120000)]
  0x0000000019f28000 JavaThread "Thread-38" [_thread_blocked, id=80200, stack(0x000000001cf20000,0x000000001d020000)]
  0x0000000019f26000 JavaThread "Thread-37" [_thread_blocked, id=91960, stack(0x000000001ce20000,0x000000001cf20000)]
  0x0000000019f27800 JavaThread "Thread-36" [_thread_blocked, id=93908, stack(0x000000001cd20000,0x000000001ce20000)]
  0x0000000019f2c000 JavaThread "Thread-35" [_thread_blocked, id=17604, stack(0x000000001cc20000,0x000000001cd20000)]
  0x0000000019f24800 JavaThread "Thread-34" [_thread_blocked, id=94068, stack(0x000000001cb20000,0x000000001cc20000)]
  0x0000000019f25000 JavaThread "Thread-33" [_thread_blocked, id=100404, stack(0x000000001ca20000,0x000000001cb20000)]
  0x0000000019f2b000 JavaThread "Thread-32" [_thread_blocked, id=39100, stack(0x000000001c920000,0x000000001ca20000)]
  0x0000000019f26800 JavaThread "Thread-31" [_thread_blocked, id=91984, stack(0x000000001c820000,0x000000001c920000)]
  0x0000000019f2a800 JavaThread "Thread-30" [_thread_blocked, id=94548, stack(0x000000001c720000,0x000000001c820000)]
  0x0000000019f1d000 JavaThread "Thread-29" [_thread_blocked, id=93904, stack(0x000000001c620000,0x000000001c720000)]
=>0x0000000019f23800 JavaThread "Thread-28" [_thread_in_native, id=99780, stack(0x000000001c520000,0x000000001c620000)]
  0x0000000019f23000 JavaThread "Thread-27" [_thread_blocked, id=106080, stack(0x000000001c420000,0x000000001c520000)]
  0x0000000019f22000 JavaThread "Thread-26" [_thread_blocked, id=91748, stack(0x000000001c320000,0x000000001c420000)]
  0x0000000019f1d800 JavaThread "Thread-25" [_thread_blocked, id=15020, stack(0x000000001c220000,0x000000001c320000)]
  0x0000000019f21800 JavaThread "Thread-24" [_thread_blocked, id=99852, stack(0x000000001c120000,0x000000001c220000)]
  0x0000000019f20800 JavaThread "Thread-23" [_thread_blocked, id=99964, stack(0x000000001c020000,0x000000001c120000)]
  0x0000000019f1e800 JavaThread "Thread-22" [_thread_blocked, id=100396, stack(0x000000001bf20000,0x000000001c020000)]
  0x0000000019f20000 JavaThread "Thread-21" [_thread_blocked, id=73016, stack(0x000000001be20000,0x000000001bf20000)]
  0x0000000019f1f000 JavaThread "Thread-20" [_thread_blocked, id=98232, stack(0x000000001bd20000,0x000000001be20000)]
  0x0000000019db0800 JavaThread "Thread-19" [_thread_blocked, id=81852, stack(0x000000001bc20000,0x000000001bd20000)]
  0x0000000019daf800 JavaThread "Thread-18" [_thread_blocked, id=91516, stack(0x000000001bb20000,0x000000001bc20000)]
  0x0000000019daf000 JavaThread "Thread-17" [_thread_blocked, id=105328, stack(0x000000001ba20000,0x000000001bb20000)]
  0x0000000019dae000 JavaThread "Thread-16" [_thread_blocked, id=95160, stack(0x000000001b920000,0x000000001ba20000)]
  0x0000000019db4000 JavaThread "Thread-15" [_thread_blocked, id=85028, stack(0x000000001b820000,0x000000001b920000)]
  0x0000000019db3800 JavaThread "Thread-14" [_thread_blocked, id=93156, stack(0x000000001b720000,0x000000001b820000)]
  0x0000000019db2800 JavaThread "Thread-13" [_thread_blocked, id=96328, stack(0x000000001b620000,0x000000001b720000)]
  0x0000000019db2000 JavaThread "Thread-12" [_thread_blocked, id=97176, stack(0x000000001b520000,0x000000001b620000)]
  0x0000000019db1000 JavaThread "Thread-11" [_thread_blocked, id=99512, stack(0x000000001b420000,0x000000001b520000)]
  0x0000000019db5000 JavaThread "Thread-10" [_thread_blocked, id=86200, stack(0x000000001b320000,0x000000001b420000)]
  0x0000000019da7800 JavaThread "Thread-9" [_thread_blocked, id=71904, stack(0x000000001b220000,0x000000001b320000)]
  0x0000000019da6800 JavaThread "Thread-8" [_thread_blocked, id=88964, stack(0x000000001b120000,0x000000001b220000)]
  0x0000000019da6000 JavaThread "Thread-7" [_thread_blocked, id=86588, stack(0x000000001b020000,0x000000001b120000)]
  0x0000000019da1000 JavaThread "Thread-6" [_thread_blocked, id=29964, stack(0x000000001af20000,0x000000001b020000)]
  0x0000000019ed7000 JavaThread "Thread-5" [_thread_blocked, id=99900, stack(0x000000001ae20000,0x000000001af20000)]
  0x0000000019ed4800 JavaThread "Thread-4" [_thread_blocked, id=43292, stack(0x000000001ad20000,0x000000001ae20000)]
  0x0000000019ed1800 JavaThread "Thread-3" [_thread_blocked, id=99672, stack(0x000000001ac20000,0x000000001ad20000)]
  0x0000000019fb9000 JavaThread "Thread-2" [_thread_blocked, id=17824, stack(0x000000001ab20000,0x000000001ac20000)]
  0x0000000019fb8800 JavaThread "Thread-1" [_thread_blocked, id=45812, stack(0x000000001aa20000,0x000000001ab20000)]
  0x0000000019fb6000 JavaThread "Thread-0" [_thread_blocked, id=90516, stack(0x000000001a920000,0x000000001aa20000)]
  0x00000000196a8800 JavaThread "ReaderThread" [_thread_in_native, id=77984, stack(0x0000000019be0000,0x0000000019ce0000)]
  0x0000000019519000 JavaThread "Service Thread" daemon [_thread_blocked, id=33212, stack(0x00000000199e0000,0x0000000019ae0000)]
  0x00000000194f0800 JavaThread "C1 CompilerThread2" daemon [_thread_blocked, id=94492, stack(0x00000000198e0000,0x00000000199e0000)]
  0x0000000017daa000 JavaThread "C2 CompilerThread1" daemon [_thread_blocked, id=94536, stack(0x00000000193e0000,0x00000000194e0000)]
  0x0000000017d5f800 JavaThread "C2 CompilerThread0" daemon [_thread_blocked, id=91936, stack(0x00000000192e0000,0x00000000193e0000)]
  0x0000000017d5e000 JavaThread "Attach Listener" daemon [_thread_blocked, id=92764, stack(0x00000000191e0000,0x00000000192e0000)]
  0x0000000017d5d000 JavaThread "Signal Dispatcher" daemon [_thread_blocked, id=94224, stack(0x00000000190e0000,0x00000000191e0000)]
  0x0000000017d48800 JavaThread "Finalizer" daemon [_thread_blocked, id=37332, stack(0x0000000018fe0000,0x00000000190e0000)]
  0x00000000031b3000 JavaThread "Reference Handler" daemon [_thread_blocked, id=8940, stack(0x0000000018ee0000,0x0000000018fe0000)]
  0x00000000030c3000 JavaThread "main" [_thread_blocked, id=88500, stack(0x0000000002ed0000,0x0000000002fd0000)]

Other Threads:
  0x0000000017d27000 VMThread [stack: 0x0000000018de0000,0x0000000018ee0000] [id=93412]
  0x0000000017dbd000 WatcherThread [stack: 0x0000000019ae0000,0x0000000019be0000] [id=103392]

VM state:not at safepoint (normal execution)

VM Mutex/Monitor currently owned by a thread: None

Heap:
 PSYoungGen      total 37888K, used 23225K [0x00000000d6300000, 0x00000000d8d00000, 0x0000000100000000)
  eden space 32768K, 63% used [0x00000000d6300000,0x00000000d7729698,0x00000000d8300000)
  from space 5120K, 50% used [0x00000000d8300000,0x00000000d8584df0,0x00000000d8800000)
  to   space 5120K, 0% used [0x00000000d8800000,0x00000000d8800000,0x00000000d8d00000)
 ParOldGen       total 86016K, used 8K [0x0000000082800000, 0x0000000087c00000, 0x00000000d6300000)
  object space 86016K, 0% used [0x0000000082800000,0x0000000082802000,0x0000000087c00000)
 Metaspace       used 7558K, capacity 7696K, committed 7936K, reserved 1056768K
  class space    used 893K, capacity 922K, committed 1024K, reserved 1048576K

Card table byte_map: [0x0000000012680000,0x0000000012a70000] byte_map_base: 0x000000001226c000

Marking Bits: (ParMarkBitMap*) 0x00000000684708c0
 Begin Bits: [0x0000000013110000, 0x0000000015070000)
 End Bits:   [0x0000000015070000, 0x0000000016fd0000)

Polling page: 0x0000000000df0000

CodeCache: size=245760Kb used=2501Kb max_used=2501Kb free=243258Kb
 bounds [0x00000000032c0000, 0x0000000003540000, 0x00000000122c0000]
 total_blobs=897 nmethods=574 adapters=236
 compilation: enabled

Compilation events (10 events):
Event: 1.005 Thread 0x00000000194f0800 nmethod 565 0x000000000352aa50 code [0x000000000352ac00, 0x000000000352b478]
Event: 1.005 Thread 0x00000000194f0800  566       3       java.lang.ref.Finalizer::hasBeenFinalized (14 bytes)
Event: 1.005 Thread 0x00000000194f0800 nmethod 566 0x0000000003527290 code [0x00000000035273e0, 0x0000000003527590]
Event: 1.005 Thread 0x00000000194f0800  567   !   3       java.lang.ref.Finalizer::remove (94 bytes)
Event: 1.006 Thread 0x00000000194f0800 nmethod 567 0x000000000352a2d0 code [0x000000000352a440, 0x000000000352a910]
Event: 1.006 Thread 0x00000000194f0800  568       3       java.lang.System$2::invokeFinalize (5 bytes)
Event: 1.007 Thread 0x00000000194f0800 nmethod 568 0x000000000352b710 code [0x000000000352b880, 0x000000000352baa8]
Event: 1.007 Thread 0x00000000194f0800  569       3       java.lang.ref.Reference::clear (6 bytes)
Event: 1.007 Thread 0x00000000194f0800 nmethod 569 0x0000000003526f50 code [0x00000000035270a0, 0x0000000003527210]
Event: 1.007 Thread 0x00000000194f0800  570   !   3       java.lang.StringCoding::encode (120 bytes)

GC Heap History (2 events):
Event: 0.823 GC heap before
{Heap before GC invocations=1 (full 0):
 PSYoungGen      total 37888K, used 32768K [0x00000000d6300000, 0x00000000d8d00000, 0x0000000100000000)
  eden space 32768K, 100% used [0x00000000d6300000,0x00000000d8300000,0x00000000d8300000)
  from space 5120K, 0% used [0x00000000d8800000,0x00000000d8800000,0x00000000d8d00000)
  to   space 5120K, 0% used [0x00000000d8300000,0x00000000d8300000,0x00000000d8800000)
 ParOldGen       total 86016K, used 0K [0x0000000082800000, 0x0000000087c00000, 0x00000000d6300000)
  object space 86016K, 0% used [0x0000000082800000,0x0000000082800000,0x0000000087c00000)
 Metaspace       used 7506K, capacity 7608K, committed 7936K, reserved 1056768K
  class space    used 891K, capacity 918K, committed 1024K, reserved 1048576K
Event: 0.826 GC heap after
Heap after GC invocations=1 (full 0):
 PSYoungGen      total 37888K, used 2579K [0x00000000d6300000, 0x00000000d8d00000, 0x0000000100000000)
  eden space 32768K, 0% used [0x00000000d6300000,0x00000000d6300000,0x00000000d8300000)
  from space 5120K, 50% used [0x00000000d8300000,0x00000000d8584df0,0x00000000d8800000)
  to   space 5120K, 0% used [0x00000000d8800000,0x00000000d8800000,0x00000000d8d00000)
 ParOldGen       total 86016K, used 8K [0x0000000082800000, 0x0000000087c00000, 0x00000000d6300000)
  object space 86016K, 0% used [0x0000000082800000,0x0000000082802000,0x0000000087c00000)
 Metaspace       used 7506K, capacity 7608K, committed 7936K, reserved 1056768K
  class space    used 891K, capacity 918K, committed 1024K, reserved 1048576K
}

Deoptimization events (6 events):
Event: 0.323 Thread 0x00000000030c3000 Uncommon trap: reason=unstable_if action=reinterpret pc=0x0000000003402750 method=java.lang.String.indexOf([CII[CIII)I @ 123
Event: 0.323 Thread 0x00000000030c3000 Uncommon trap: reason=unstable_if action=reinterpret pc=0x0000000003401afc method=java.lang.String.indexOf([CII[CIII)I @ 123
Event: 0.443 Thread 0x00000000030c3000 Uncommon trap: reason=unstable_if action=reinterpret pc=0x000000000348acc4 method=java.lang.AbstractStringBuilder.append(Ljava/lang/String;)Ljava/lang/AbstractStringBuilder; @ 1
Event: 0.536 Thread 0x00000000030c3000 Uncommon trap: reason=unstable_if action=reinterpret pc=0x00000000034a7688 method=java.io.WinNTFileSystem.normalize(Ljava/lang/String;)Ljava/lang/String; @ 128
Event: 0.548 Thread 0x00000000030c3000 Uncommon trap: reason=unstable_if action=reinterpret pc=0x0000000003482d94 method=java.lang.String.indexOf([CII[CIII)I @ 3
Event: 0.791 Thread 0x00000000030c3000 Uncommon trap: reason=unstable_if action=reinterpret pc=0x00000000034f13c4 method=org.sqlite.SQLiteJDBCLoader.contentsEquals(Ljava/io/InputStream;Ljava/io/InputStream;)Z @ 39

Classes redefined (0 events):
No events

Internal exceptions (10 events):
Event: 0.427 Thread 0x00000000030c3000 Exception <a 'java/lang/ClassNotFoundException': org/apache/log4j/AppenderSkeletonCustomizer> (0x00000000d6bb1b18) thrown at [C:\re\workspace\8-2-build-windows-amd64-cygwin\jdk8u171\10807\hotspot\src\share\vm\classfile\systemDictionary.cpp, line 210]
Event: 0.434 Thread 0x00000000030c3000 Exception <a 'java/lang/ClassNotFoundException': org/apache/log4j/WriterAppenderCustomizer> (0x00000000d6bdee08) thrown at [C:\re\workspace\8-2-build-windows-amd64-cygwin\jdk8u171\10807\hotspot\src\share\vm\classfile\systemDictionary.cpp, line 210]
Event: 0.437 Thread 0x00000000030c3000 Exception <a 'java/lang/ClassNotFoundException': org/apache/log4j/FileAppenderCustomizer> (0x00000000d6bf80c0) thrown at [C:\re\workspace\8-2-build-windows-amd64-cygwin\jdk8u171\10807\hotspot\src\share\vm\classfile\systemDictionary.cpp, line 210]
Event: 0.443 Thread 0x00000000030c3000 Implicit null exception at 0x000000000348a916 to 0x000000000348acad
Event: 0.466 Thread 0x00000000030c3000 Exception <a 'java/lang/ClassNotFoundException': org/apache/log4j/PatternLayoutBeanInfo> (0x00000000d6c90c48) thrown at [C:\re\workspace\8-2-build-windows-amd64-cygwin\jdk8u171\10807\hotspot\src\share\vm\classfile\systemDictionary.cpp, line 210]
Event: 0.466 Thread 0x00000000030c3000 Exception <a 'java/lang/ClassNotFoundException': org/apache/log4j/LayoutBeanInfo> (0x00000000d6c9ca70) thrown at [C:\re\workspace\8-2-build-windows-amd64-cygwin\jdk8u171\10807\hotspot\src\share\vm\classfile\systemDictionary.cpp, line 210]
Event: 0.467 Thread 0x00000000030c3000 Exception <a 'java/lang/ClassNotFoundException': org/apache/log4j/LayoutCustomizer> (0x00000000d6ca8b38) thrown at [C:\re\workspace\8-2-build-windows-amd64-cygwin\jdk8u171\10807\hotspot\src\share\vm\classfile\systemDictionary.cpp, line 210]
Event: 0.468 Thread 0x00000000030c3000 Exception <a 'java/lang/ClassNotFoundException': org/apache/log4j/PatternLayoutCustomizer> (0x00000000d6cb9ee8) thrown at [C:\re\workspace\8-2-build-windows-amd64-cygwin\jdk8u171\10807\hotspot\src\share\vm\classfile\systemDictionary.cpp, line 210]
Event: 0.481 Thread 0x00000000030c3000 Exception <a 'java/lang/ClassNotFoundException': org/apache/log4j/RollingFileAppenderBeanInfo> (0x00000000d6d14ac8) thrown at [C:\re\workspace\8-2-build-windows-amd64-cygwin\jdk8u171\10807\hotspot\src\share\vm\classfile\systemDictionary.cpp, line 210]
Event: 0.481 Thread 0x00000000030c3000 Exception <a 'java/lang/ClassNotFoundException': org/apache/log4j/RollingFileAppenderCustomizer> (0x00000000d6d220e0) thrown at [C:\re\workspace\8-2-build-windows-amd64-cygwin\jdk8u171\10807\hotspot\src\share\vm\classfile\systemDictionary.cpp, line 210]

Events (10 events):
Event: 0.821 Thread 0x0000000019e19800 Thread added: 0x0000000019e19800
Event: 0.821 Thread 0x0000000019e1d800 Thread added: 0x0000000019e1d800
Event: 0.821 Thread 0x0000000019e1e000 Thread added: 0x0000000019e1e000
Event: 0.821 Thread 0x0000000019e1b800 Thread added: 0x0000000019e1b800
Event: 0.821 Thread 0x0000000019e17000 Thread added: 0x0000000019e17000
Event: 0.821 Thread 0x0000000019e18800 Thread added: 0x0000000019e18800
Event: 0.821 Thread 0x0000000019e1a000 Thread added: 0x0000000019e1a000
Event: 0.821 Thread 0x0000000019e18000 Thread added: 0x0000000019e18000
Event: 0.822 Executing VM operation: ParallelGCFailedAllocation
Event: 0.826 Executing VM operation: ParallelGCFailedAllocation done


Dynamic libraries:
0x00007ff7aece0000 - 0x00007ff7aed17000 	C:\Program Files\Java\jdk1.8.0_171\bin\javaw.exe
0x00007ffcd6ac0000 - 0x00007ffcd6ca1000 	C:\WINDOWS\SYSTEM32\ntdll.dll
0x00007ffcd5740000 - 0x00007ffcd57f2000 	C:\WINDOWS\System32\KERNEL32.DLL
0x00007ffcd3c20000 - 0x00007ffcd3e93000 	C:\WINDOWS\System32\KERNELBASE.dll
0x00007ffcd69e0000 - 0x00007ffcd6a81000 	C:\WINDOWS\System32\ADVAPI32.dll
0x00007ffcd5c30000 - 0x00007ffcd5cce000 	C:\WINDOWS\System32\msvcrt.dll
0x00007ffcd68b0000 - 0x00007ffcd690b000 	C:\WINDOWS\System32\sechost.dll
0x00007ffcd6000000 - 0x00007ffcd6124000 	C:\WINDOWS\System32\RPCRT4.dll
0x00007ffcd62a0000 - 0x00007ffcd6430000 	C:\WINDOWS\System32\USER32.dll
0x00007ffcd3b80000 - 0x00007ffcd3ba0000 	C:\WINDOWS\System32\win32u.dll
0x00007ffcd6880000 - 0x00007ffcd68a8000 	C:\WINDOWS\System32\GDI32.dll
0x00007ffcd39e0000 - 0x00007ffcd3b72000 	C:\WINDOWS\System32\gdi32full.dll
0x00007ffcd38e0000 - 0x00007ffcd397f000 	C:\WINDOWS\System32\msvcp_win.dll
0x00007ffcd35f0000 - 0x00007ffcd36ea000 	C:\WINDOWS\System32\ucrtbase.dll
0x00007ffcbdec0000 - 0x00007ffcbe129000 	C:\WINDOWS\WinSxS\amd64_microsoft.windows.common-controls_6595b64144ccf1df_6.0.17134.407_none_fb449d63306391e9\COMCTL32.dll
0x00007ffcd3f50000 - 0x00007ffcd4272000 	C:\WINDOWS\System32\combase.dll
0x00007ffcd3ba0000 - 0x00007ffcd3c1a000 	C:\WINDOWS\System32\bcryptPrimitives.dll
0x00007ffcd5c00000 - 0x00007ffcd5c2d000 	C:\WINDOWS\System32\IMM32.DLL
0x00000000684f0000 - 0x00000000685c2000 	C:\Program Files\Java\jdk1.8.0_171\jre\bin\msvcr100.dll
0x0000000067c50000 - 0x00000000684f0000 	C:\Program Files\Java\jdk1.8.0_171\jre\bin\server\jvm.dll
0x00007ffcd6130000 - 0x00007ffcd6138000 	C:\WINDOWS\System32\PSAPI.DLL
0x00007ffc9c7d0000 - 0x00007ffc9c7d9000 	C:\WINDOWS\SYSTEM32\WSOCK32.dll
0x00007ffcd6970000 - 0x00007ffcd69dc000 	C:\WINDOWS\System32\WS2_32.dll
0x00007ffcd0df0000 - 0x00007ffcd0e13000 	C:\WINDOWS\SYSTEM32\WINMM.dll
0x00007ffcc6380000 - 0x00007ffcc638a000 	C:\WINDOWS\SYSTEM32\VERSION.dll
0x00007ffcd0dc0000 - 0x00007ffcd0dea000 	C:\WINDOWS\SYSTEM32\WINMMBASE.dll
0x00007ffcd2e90000 - 0x00007ffcd2ed9000 	C:\WINDOWS\System32\cfgmgr32.dll
0x0000000067c40000 - 0x0000000067c4f000 	C:\Program Files\Java\jdk1.8.0_171\jre\bin\verify.dll
0x0000000067c10000 - 0x0000000067c39000 	C:\Program Files\Java\jdk1.8.0_171\jre\bin\java.dll
0x0000000067bf0000 - 0x0000000067c06000 	C:\Program Files\Java\jdk1.8.0_171\jre\bin\zip.dll
0x00007ffcd4280000 - 0x00007ffcd56bf000 	C:\WINDOWS\System32\SHELL32.dll
0x00007ffcd5f50000 - 0x00007ffcd5ff9000 	C:\WINDOWS\System32\shcore.dll
0x00007ffcd2ee0000 - 0x00007ffcd35ed000 	C:\WINDOWS\System32\windows.storage.dll
0x00007ffcd5aa0000 - 0x00007ffcd5af1000 	C:\WINDOWS\System32\shlwapi.dll
0x00007ffcd2dd0000 - 0x00007ffcd2de1000 	C:\WINDOWS\System32\kernel.appcore.dll
0x00007ffcd2e40000 - 0x00007ffcd2e5f000 	C:\WINDOWS\System32\profapi.dll
0x00007ffcd2df0000 - 0x00007ffcd2e3c000 	C:\WINDOWS\System32\powrprof.dll
0x00007ffcd2e80000 - 0x00007ffcd2e8a000 	C:\WINDOWS\System32\FLTLIB.DLL
0x0000000067bd0000 - 0x0000000067bea000 	C:\Program Files\Java\jdk1.8.0_171\jre\bin\net.dll
0x00007ffcd25f0000 - 0x00007ffcd2656000 	C:\WINDOWS\system32\mswsock.dll
0x00007ffcd27a0000 - 0x00007ffcd27b7000 	C:\WINDOWS\SYSTEM32\CRYPTSP.dll
0x00007ffcd21d0000 - 0x00007ffcd2203000 	C:\WINDOWS\system32\rsaenh.dll
0x00007ffcd28d0000 - 0x00007ffcd28f5000 	C:\WINDOWS\SYSTEM32\bcrypt.dll
0x00007ffcd2d00000 - 0x00007ffcd2d28000 	C:\WINDOWS\SYSTEM32\USERENV.dll
0x00007ffcd27c0000 - 0x00007ffcd27cb000 	C:\WINDOWS\SYSTEM32\CRYPTBASE.dll
0x00007ffcd2370000 - 0x00007ffcd23a8000 	C:\WINDOWS\SYSTEM32\IPHLPAPI.DLL
0x00007ffcd5cd0000 - 0x00007ffcd5cd8000 	C:\WINDOWS\System32\NSI.dll
0x00007ffcc8eb0000 - 0x00007ffcc8ec6000 	C:\WINDOWS\SYSTEM32\dhcpcsvc6.DLL
0x00007ffcc9280000 - 0x00007ffcc929a000 	C:\WINDOWS\SYSTEM32\dhcpcsvc.DLL
0x0000000067bb0000 - 0x0000000067bc1000 	C:\Program Files\Java\jdk1.8.0_171\jre\bin\nio.dll
0x0000000070400000 - 0x00000000704f7000 	C:\Users\Usuario\AppData\Local\Temp\sqlite-3.23.1-5b271e3c-ee37-409e-952c-7b2abdc79e78-sqlitejdbc.dll
0x00007ffcbe130000 - 0x00007ffcbe2f9000 	C:\WINDOWS\SYSTEM32\dbghelp.dll

VM Arguments:
jvm_args: -ea -Dfile.encoding=UTF-8 
java_command: org.eclipse.jdt.internal.junit.runner.RemoteTestRunner -version 3 -port 49328 -testLoaderClass org.eclipse.jdt.internal.junit4.runner.JUnit4TestLoader -loaderpluginname org.eclipse.jdt.junit4.runtime -classNames grupo2.ContiperfTest
java_class_path (initial): C:\Gorka Otermin\2019 (1st Semester)\PROCESO DE SOFTWARE Y CALIDAD\PROYECTO\GRUPO2_PSC_1819\target\test-classes;C:\Gorka Otermin\2019 (1st Semester)\PROCESO DE SOFTWARE Y CALIDAD\PROYECTO\GRUPO2_PSC_1819\target\classes;C:\Users\Usuario\.m2\repository\org\mockito\mockito-core\2.23.4\mockito-core-2.23.4.jar;C:\Users\Usuario\.m2\repository\net\bytebuddy\byte-buddy\1.9.3\byte-buddy-1.9.3.jar;C:\Users\Usuario\.m2\repository\net\bytebuddy\byte-buddy-agent\1.9.3\byte-buddy-agent-1.9.3.jar;C:\Users\Usuario\.m2\repository\org\objenesis\objenesis\2.6\objenesis-2.6.jar;C:\Users\Usuario\.m2\repository\log4j\log4j\1.2.17\log4j-1.2.17.jar;C:\Users\Usuario\.m2\repository\org\xerial\sqlite-jdbc\3.23.1\sqlite-jdbc-3.23.1.jar;C:\Users\Usuario\.m2\repository\org\eclipse\ui\forms\3.3.0-v20070511\forms-3.3.0-v20070511.jar;C:\Users\Usuario\.m2\repository\org\eclipse\core\runtime\3.10.0-v20140318-2214\runtime-3.10.0-v20140318-2214.jar;C:\Users\Usuario\.m2\repository\org\eclipse\osgi\3.10.0-v20140606-1445\osgi-3.10.0-v20140606-1445.jar;C:\Users\Usuario\.m2\repository\org\eclipse\equinox\common\3.6.200-v20130402-1505\common-3.6.200-v20130402-1505.jar;C:\Users\Usuario\.m2\repository\org\eclipse\core\jobs\3.6.0-v20140424-0053\jobs-3.6.0-v20140424-0053.jar;C:\Users\Usuario\.m2\repository\org\eclipse\equinox\registry\3.5.400-v20140428-1507\registry-3.5.400-v20140428-1507.jar;C:\Users\Usuario\.m2\repository\org\eclipse\equinox\preferences\3.5.200-v20140224-1527\preferences-3.5.200-v20140224-1527.jar;C:\Users\Usuario\.m2\repository\org\eclipse\core\contenttype\3.4.200-v20140207-1251\contenttype-3.4.200-v20140207-1251.jar;C:\Users\Usuario\.m2\repository\org\eclipse\equinox\app\1.3.200-v20130910-1609\app-1.3.200-v20130910-1609.jar;C:\Users\Usuario\.m2\repository\org\eclipse\jface\3.3.0-I20070606-0010\jface-3.3.0-I20070606-0010.jar;C:\Users\Usuario\.m2\repository\org\eclipse\swt\3.3.0-v3346\swt-3.3.0-v3346.jar;C:\Users\Usuario\.m2\repository\org\eclipse\core\commands\3.3
Launcher Type: SUN_STANDARD

Environment Variables:
JAVA_HOME=C:\Program Files\Java\jdk1.8.0_171
PATH=C:/Program Files/Java/jre1.8.0_191/bin/server;C:/Program Files/Java/jre1.8.0_191/bin;C:/Program Files/Java/jre1.8.0_191/lib/amd64;C:\Program Files\Java\jdk1.8.0_171;C:\Program Files (x86)\Common Files\Oracle\Java\javapath;C:\WINDOWS\system32;C:\WINDOWS;C:\WINDOWS\System32\Wbem;C:\WINDOWS\System32\WindowsPowerShell\v1.0\;C:\WINDOWS\System32\OpenSSH\;C:\Program Files\Git\bin;C:\Program Files\apache-maven-3.5.4\bin;C:\Program Files\Java\jre1.8.0_171\bin;C:\Program Files\Java\jdk1.8.0_171;C:\Program Files\doxygen\bin;C:\Program Files\MiKTeX 2.9\miktex\bin\x64;C:\Program Files\gs\gs9.25\bin;C:\Program Files (x86)\Graphviz2.38\bin;C:\Users\Usuario\AppData\Local\Microsoft\WindowsApps;;C:\WINDOWS\system32;
USERNAME=Gorka
OS=Windows_NT
PROCESSOR_IDENTIFIER=Intel64 Family 6 Model 142 Stepping 9, GenuineIntel



---------------  S Y S T E M  ---------------

OS: Windows 10.0 , 64 bit Build 17134 (10.0.17134.1)

CPU:total 4 (initial active 4) (2 cores per cpu, 2 threads per core) family 6 model 142 stepping 9, cmov, cx8, fxsr, mmx, sse, sse2, sse3, ssse3, sse4.1, sse4.2, popcnt, avx, avx2, aes, clmul, erms, 3dnowpref, lzcnt, ht, tsc, tscinvbit, bmi1, bmi2, adx

Memory: 4k page, physical 8219368k(2397632k free), swap 11365096k(2998220k free)

vm_info: Java HotSpot(TM) 64-Bit Server VM (25.171-b11) for windows-amd64 JRE (1.8.0_171-b11), built on Mar 28 2018 16:06:12 by "java_re" with MS VC++ 10.0 (VS2010)

time: Fri Nov 30 18:42:23 2018
elapsed time: 1 seconds (0d 0h 0m 1s)

