#
# A fatal error has been detected by the Java Runtime Environment:
#
#  EXCEPTION_INVALID_HANDLE (0xc0000008) at pc=0x00007ffcd6b599b8, pid=112204, tid=0x0000000000016b64
#
# JRE version: Java(TM) SE Runtime Environment (8.0_171-b11) (build 1.8.0_171-b11)
# Java VM: Java HotSpot(TM) 64-Bit Server VM (25.171-b11 mixed mode windows-amd64 compressed oops)
# Problematic frame:
# C  [ntdll.dll+0x999b8]
#
# Failed to write core dump. Minidumps are not enabled by default on client versions of Windows
#
# If you would like to submit a bug report, please visit:
#   http://bugreport.java.com/bugreport/crash.jsp
# The crash happened outside the Java Virtual Machine in native code.
# See problematic frame for where to report the bug.
#

---------------  T H R E A D  ---------------

Current thread (0x0000000019927000):  JavaThread "Thread-8" [_thread_in_native, id=93028, stack(0x000000001aae0000,0x000000001abe0000)]

siginfo: ExceptionCode=0xc0000008

Registers:
RAX=0x0000000000000208, RBX=0x00000000c0000008, RCX=0x00000000000154b0, RDX=0x00000001000016d0
RSP=0x000000001abdddc0, RBP=0x000000001abde3d0, RSI=0x0000000000000000, RDI=0x000000001a1f1708
R8 =0x00007ffcd6ad2b55, R9 =0x0000000000000000, R10=0x0000000067d0d8b6, R11=0x0000000019731310
R12=0x0000000000000000, R13=0x0000000000000000, R14=0x0000000000000000, R15=0x0000000019927000
RIP=0x00007ffcd6b599b8, EFLAGS=0x0000000000000206

Top of Stack: (sp=0x000000001abdddc0)
0x000000001abdddc0:   0000000001190150 0000000000000004
0x000000001abdddd0:   00000000c0000000 00000000000003ff
0x000000001abddde0:   00000001c0000008 0000000000000000
0x000000001abdddf0:   00007ffcd6b599b8 00007ffc00000000
0x000000001abdde00:   0000000000000001 0000000067d48201
0x000000001abdde10:   0000000001190150 0000000104000004
0x000000001abdde20:   00000000000017d4 0000000000000004
0x000000001abdde30:   0000000100000000 0000000000000000
0x000000001abdde40:   0000000000015400 00000001000c6040
0x000000001abdde50:   000000001a232f50 0000000000000000
0x000000001abdde60:   0000000000000001 0000000000000107
0x000000001abdde70:   0000000000000438 0000000000000188
0x000000001abdde80:   000000001a232f40 00000000000003ff
0x000000001abdde90:   000000001a232f40 00007ffc44001753
0x000000001abddea0:   0000000000000107 0000000000000101
0x000000001abddeb0:   00001fa00010000f 0053002b002b0033 

Instructions: (pc=0x00007ffcd6b599b8)
0x00007ffcd6b59998:   cc cc cc cc cc cc cc cc 40 53 48 81 ec 90 05 00
0x00007ffcd6b599a8:   00 8b d9 48 8d 8c 24 c0 00 00 00 e8 a8 44 00 00
0x00007ffcd6b599b8:   48 83 64 24 28 00 83 64 24 38 00 48 8b 84 24 b8
0x00007ffcd6b599c8:   01 00 00 48 89 44 24 30 89 5c 24 20 c7 44 24 24 


Register to memory mapping:

RAX=0x0000000000000208 is an unknown value
RBX=0x00000000c0000008 is an unallocated location in the heap
RCX=0x00000000000154b0 is an unknown value
RDX=0x00000001000016d0 is pointing into metadata
RSP=0x000000001abdddc0 is pointing into the stack for thread: 0x0000000019927000
RBP=0x000000001abde3d0 is pointing into the stack for thread: 0x0000000019927000
RSI=0x0000000000000000 is an unknown value
RDI=0x000000001a1f1708 is an unknown value
R8 =0x00007ffcd6ad2b55 is an unknown value
R9 =0x0000000000000000 is an unknown value
R10=0x0000000067d0d8b6 is an unknown value
R11=0x0000000019731310 is an unknown value
R12=0x0000000000000000 is an unknown value
R13=0x0000000000000000 is an unknown value
R14=0x0000000000000000 is an unknown value
R15=0x0000000019927000 is a thread


Stack: [0x000000001aae0000,0x000000001abe0000],  sp=0x000000001abdddc0,  free space=1015k
Native frames: (J=compiled Java code, j=interpreted, Vv=VM code, C=native code)
C  [ntdll.dll+0x999b8]
C  [ntdll.dll+0xaa529]
C  [ntdll.dll+0x183e7]
C  [ntdll.dll+0x18300]
C  [sqlite-3.23.1-8904ba20-2507-4ac6-9955-645ad8bff57c-sqlitejdbc.dll+0x22409]
C  [sqlite-3.23.1-8904ba20-2507-4ac6-9955-645ad8bff57c-sqlitejdbc.dll+0x29c9]
C  0x0000000002bd97db

Java frames: (J=compiled Java code, j=interpreted, Vv=VM code)
j  org.sqlite.core.NativeDB.column_name_utf8(JI)[B+0
j  org.sqlite.core.NativeDB.column_name(JI)Ljava/lang/String;+3
j  org.sqlite.core.DB.column_names(J)[Ljava/lang/String;+26
j  org.sqlite.jdbc3.JDBC3Statement.getResultSet()Ljava/sql/ResultSet;+62
j  org.sqlite.jdbc3.JDBC3Statement.executeQuery(Ljava/lang/String;)Ljava/sql/ResultSet;+43
j  grupo2.LN.GestorConjuntos.maxIdConjunto()I+11
j  grupo2.LN.GestorConjuntos.anyadirConjunto(Lgrupo2/LN/Conjunto;)Z+19
j  grupo2.ContiperfTest.testanyadirConjunto()V+14
v  ~StubRoutines::call_stub
j  sun.reflect.NativeMethodAccessorImpl.invoke0(Ljava/lang/reflect/Method;Ljava/lang/Object;[Ljava/lang/Object;)Ljava/lang/Object;+0
j  sun.reflect.NativeMethodAccessorImpl.invoke(Ljava/lang/Object;[Ljava/lang/Object;)Ljava/lang/Object;+100
j  sun.reflect.DelegatingMethodAccessorImpl.invoke(Ljava/lang/Object;[Ljava/lang/Object;)Ljava/lang/Object;+6
j  java.lang.reflect.Method.invoke(Ljava/lang/Object;[Ljava/lang/Object;)Ljava/lang/Object;+56
j  org.junit.runners.model.FrameworkMethod$1.runReflectiveCall()Ljava/lang/Object;+15
j  org.junit.internal.runners.model.ReflectiveCallable.run()Ljava/lang/Object;+1
j  org.junit.runners.model.FrameworkMethod.invokeExplosively(Ljava/lang/Object;[Ljava/lang/Object;)Ljava/lang/Object;+10
j  org.junit.internal.runners.statements.InvokeMethod.evaluate()V+12
j  org.databene.contiperf.junit.JUnitInvoker.invoke([Ljava/lang/Object;)Ljava/lang/Object;+4
j  org.databene.contiperf.util.InvokerProxy.invoke([Ljava/lang/Object;)Ljava/lang/Object;+5
j  org.databene.contiperf.PerformanceTracker.invoke([Ljava/lang/Object;)Ljava/lang/Object;+47
j  org.databene.contiperf.TimedRunner.run()V+24
j  java.lang.Thread.run()V+11
v  ~StubRoutines::call_stub

---------------  P R O C E S S  ---------------

Java Threads: ( => current thread )
  0x00000000198e1000 JavaThread "Thread-49" [_thread_blocked, id=100332, stack(0x000000001d3e0000,0x000000001d4e0000)]
  0x00000000198e4000 JavaThread "Thread-48" [_thread_blocked, id=29088, stack(0x000000001d2e0000,0x000000001d3e0000)]
  0x00000000198e2800 JavaThread "Thread-47" [_thread_blocked, id=80032, stack(0x000000001d1e0000,0x000000001d2e0000)]
  0x00000000198e3000 JavaThread "Thread-46" [_thread_blocked, id=51152, stack(0x000000001d0e0000,0x000000001d1e0000)]
  0x00000000198dc800 JavaThread "Thread-45" [_thread_blocked, id=26128, stack(0x000000001cfe0000,0x000000001d0e0000)]
  0x00000000198df800 JavaThread "Thread-44" [_thread_blocked, id=95292, stack(0x000000001cee0000,0x000000001cfe0000)]
  0x00000000198dd000 JavaThread "Thread-43" [_thread_blocked, id=91100, stack(0x000000001cde0000,0x000000001cee0000)]
  0x00000000198e0000 JavaThread "Thread-42" [_thread_blocked, id=99180, stack(0x000000001cce0000,0x000000001cde0000)]
  0x00000000198e1800 JavaThread "Thread-41" [_thread_blocked, id=95060, stack(0x000000001cbe0000,0x000000001cce0000)]
  0x000000001995b800 JavaThread "Thread-40" [_thread_blocked, id=10564, stack(0x000000001cae0000,0x000000001cbe0000)]
  0x000000001995a000 JavaThread "Thread-39" [_thread_blocked, id=100008, stack(0x000000001c9e0000,0x000000001cae0000)]
  0x0000000019958800 JavaThread "Thread-38" [_thread_blocked, id=92808, stack(0x000000001c8e0000,0x000000001c9e0000)]
  0x0000000019959000 JavaThread "Thread-37" [_thread_blocked, id=21820, stack(0x000000001c7e0000,0x000000001c8e0000)]
  0x0000000019957000 JavaThread "Thread-36" [_thread_blocked, id=27896, stack(0x000000001c6e0000,0x000000001c7e0000)]
  0x000000001995a800 JavaThread "Thread-35" [_thread_blocked, id=95404, stack(0x000000001c5e0000,0x000000001c6e0000)]
  0x0000000019957800 JavaThread "Thread-34" [_thread_blocked, id=93164, stack(0x000000001c4e0000,0x000000001c5e0000)]
  0x000000001994f000 JavaThread "Thread-33" [_thread_blocked, id=115312, stack(0x000000001c3e0000,0x000000001c4e0000)]
  0x0000000019956000 JavaThread "Thread-32" [_thread_blocked, id=108924, stack(0x000000001c2e0000,0x000000001c3e0000)]
  0x0000000019955800 JavaThread "Thread-31" [_thread_blocked, id=99920, stack(0x000000001c1e0000,0x000000001c2e0000)]
  0x000000001994d800 JavaThread "Thread-30" [_thread_blocked, id=7756, stack(0x000000001c0e0000,0x000000001c1e0000)]
  0x0000000019954800 JavaThread "Thread-29" [_thread_blocked, id=12304, stack(0x000000001bfe0000,0x000000001c0e0000)]
  0x0000000019952800 JavaThread "Thread-28" [_thread_blocked, id=106672, stack(0x000000001bee0000,0x000000001bfe0000)]
  0x0000000019954000 JavaThread "Thread-27" [_thread_blocked, id=17876, stack(0x000000001bde0000,0x000000001bee0000)]
  0x0000000019951800 JavaThread "Thread-26" [_thread_blocked, id=34996, stack(0x000000001bce0000,0x000000001bde0000)]
  0x000000001994c000 JavaThread "Thread-25" [_thread_blocked, id=59864, stack(0x000000001bbe0000,0x000000001bce0000)]
  0x0000000019950000 JavaThread "Thread-24" [_thread_blocked, id=20188, stack(0x000000001bae0000,0x000000001bbe0000)]
  0x000000001994d000 JavaThread "Thread-23" [_thread_blocked, id=112908, stack(0x000000001b9e0000,0x000000001bae0000)]
  0x000000001994e800 JavaThread "Thread-22" [_thread_blocked, id=32356, stack(0x000000001b8e0000,0x000000001b9e0000)]
  0x0000000019953000 JavaThread "Thread-21" [_thread_blocked, id=115524, stack(0x000000001b7e0000,0x000000001b8e0000)]
  0x0000000019950800 JavaThread "Thread-20" [_thread_blocked, id=24236, stack(0x000000001b6e0000,0x000000001b7e0000)]
  0x0000000019885800 JavaThread "Thread-19" [_thread_blocked, id=94596, stack(0x000000001b5e0000,0x000000001b6e0000)]
  0x0000000019888000 JavaThread "Thread-18" [_thread_blocked, id=78740, stack(0x000000001b4e0000,0x000000001b5e0000)]
  0x0000000019882000 JavaThread "Thread-17" [_thread_blocked, id=93108, stack(0x000000001b3e0000,0x000000001b4e0000)]
  0x0000000019887000 JavaThread "Thread-16" [_thread_blocked, id=107788, stack(0x000000001b2e0000,0x000000001b3e0000)]
  0x0000000019884000 JavaThread "Thread-15" [_thread_blocked, id=5568, stack(0x000000001b1e0000,0x000000001b2e0000)]
  0x0000000019886800 JavaThread "Thread-14" [_thread_blocked, id=116820, stack(0x000000001b0e0000,0x000000001b1e0000)]
  0x0000000019883800 JavaThread "Thread-13" [_thread_blocked, id=94592, stack(0x000000001afe0000,0x000000001b0e0000)]
  0x0000000019885000 JavaThread "Thread-12" [_thread_blocked, id=84684, stack(0x000000001aee0000,0x000000001afe0000)]
  0x0000000019882800 JavaThread "Thread-11" [_thread_blocked, id=92880, stack(0x000000001ade0000,0x000000001aee0000)]
  0x0000000019881000 JavaThread "Thread-10" [_thread_blocked, id=100084, stack(0x000000001ace0000,0x000000001ade0000)]
  0x0000000019927800 JavaThread "Thread-9" [_thread_blocked, id=82228, stack(0x000000001abe0000,0x000000001ace0000)]
=>0x0000000019927000 JavaThread "Thread-8" [_thread_in_native, id=93028, stack(0x000000001aae0000,0x000000001abe0000)]
  0x0000000019926000 JavaThread "Thread-7" [_thread_blocked, id=46516, stack(0x000000001a9e0000,0x000000001aae0000)]
  0x0000000019925800 JavaThread "Thread-6" [_thread_blocked, id=111280, stack(0x000000001a8e0000,0x000000001a9e0000)]
  0x0000000019924800 JavaThread "Thread-5" [_thread_blocked, id=93004, stack(0x000000001a7e0000,0x000000001a8e0000)]
  0x0000000019943000 JavaThread "Thread-4" [_thread_blocked, id=90388, stack(0x000000001a6e0000,0x000000001a7e0000)]
  0x0000000019940000 JavaThread "Thread-3" [_thread_blocked, id=101228, stack(0x000000001a5e0000,0x000000001a6e0000)]
  0x000000001984c000 JavaThread "Thread-2" [_thread_blocked, id=106940, stack(0x000000001a4e0000,0x000000001a5e0000)]
  0x000000001984b800 JavaThread "Thread-1" [_thread_blocked, id=25212, stack(0x000000001a3e0000,0x000000001a4e0000)]
  0x0000000019847800 JavaThread "Thread-0" [_thread_blocked, id=108356, stack(0x000000001a2e0000,0x000000001a3e0000)]
  0x0000000019193800 JavaThread "ReaderThread" [_thread_in_native, id=61952, stack(0x00000000195a0000,0x00000000196a0000)]
  0x0000000018fd8800 JavaThread "Service Thread" daemon [_thread_blocked, id=115800, stack(0x00000000193a0000,0x00000000194a0000)]
  0x0000000017671000 JavaThread "C1 CompilerThread2" daemon [_thread_blocked, id=2692, stack(0x0000000018ea0000,0x0000000018fa0000)]
  0x0000000017666800 JavaThread "C2 CompilerThread1" daemon [_thread_blocked, id=109028, stack(0x0000000018da0000,0x0000000018ea0000)]
  0x0000000017660000 JavaThread "C2 CompilerThread0" daemon [_thread_blocked, id=89684, stack(0x0000000018ca0000,0x0000000018da0000)]
  0x000000001765e800 JavaThread "Attach Listener" daemon [_thread_blocked, id=92452, stack(0x0000000018ba0000,0x0000000018ca0000)]
  0x000000001765d000 JavaThread "Signal Dispatcher" daemon [_thread_blocked, id=16756, stack(0x0000000018aa0000,0x0000000018ba0000)]
  0x0000000002ade800 JavaThread "Finalizer" daemon [_thread_blocked, id=74996, stack(0x00000000188b0000,0x00000000189b0000)]
  0x0000000002ad3000 JavaThread "Reference Handler" daemon [_thread_blocked, id=94716, stack(0x00000000187b0000,0x00000000188b0000)]
  0x00000000029e3000 JavaThread "main" [_thread_blocked, id=22776, stack(0x00000000028b0000,0x00000000029b0000)]

Other Threads:
  0x0000000017627000 VMThread [stack: 0x00000000186b0000,0x00000000187b0000] [id=92580]
  0x00000000176bc000 WatcherThread [stack: 0x00000000194a0000,0x00000000195a0000] [id=94832]

VM state:not at safepoint (normal execution)

VM Mutex/Monitor currently owned by a thread: None

Heap:
 PSYoungGen      total 37888K, used 21523K [0x00000000d6300000, 0x00000000d8d00000, 0x0000000100000000)
  eden space 32768K, 58% used [0x00000000d6300000,0x00000000d75900e8,0x00000000d8300000)
  from space 5120K, 49% used [0x00000000d8300000,0x00000000d8574df0,0x00000000d8800000)
  to   space 5120K, 0% used [0x00000000d8800000,0x00000000d8800000,0x00000000d8d00000)
 ParOldGen       total 86016K, used 8K [0x0000000082800000, 0x0000000087c00000, 0x00000000d6300000)
  object space 86016K, 0% used [0x0000000082800000,0x0000000082802000,0x0000000087c00000)
 Metaspace       used 7525K, capacity 7646K, committed 7936K, reserved 1056768K
  class space    used 890K, capacity 923K, committed 1024K, reserved 1048576K

Card table byte_map: [0x0000000011f80000,0x0000000012370000] byte_map_base: 0x0000000011b6c000

Marking Bits: (ParMarkBitMap*) 0x00000000684708c0
 Begin Bits: [0x0000000012a10000, 0x0000000014970000)
 End Bits:   [0x0000000014970000, 0x00000000168d0000)

Polling page: 0x00000000007f0000

CodeCache: size=245760Kb used=2397Kb max_used=2397Kb free=243362Kb
 bounds [0x0000000002bc0000, 0x0000000002e30000, 0x0000000011bc0000]
 total_blobs=851 nmethods=531 adapters=233
 compilation: enabled

Compilation events (10 events):
Event: 0.742 Thread 0x0000000017671000 nmethod 497 0x0000000002e038d0 code [0x0000000002e03b00, 0x0000000002e047a8]
Event: 0.742 Thread 0x0000000017671000  499   !   3       java.lang.ref.ReferenceQueue::enqueue (119 bytes)
Event: 0.743 Thread 0x0000000017671000 nmethod 499 0x0000000002e04cd0 code [0x0000000002e04e60, 0x0000000002e055c8]
Event: 0.743 Thread 0x0000000017671000  501       3       java.lang.ref.Finalizer::access$000 (4 bytes)
Event: 0.743 Thread 0x0000000017671000 nmethod 501 0x0000000002e057d0 code [0x0000000002e05920, 0x0000000002e05a50]
Event: 0.743 Thread 0x0000000017671000  502       3       java.lang.ref.ReferenceQueue::remove (6 bytes)
Event: 0.743 Thread 0x0000000017671000 nmethod 502 0x0000000002e05ad0 code [0x0000000002e05c40, 0x0000000002e05e48]
Event: 0.743 Thread 0x0000000017671000  503   !   3       java.lang.ref.ReferenceQueue::remove (125 bytes)
Event: 0.744 Thread 0x0000000017671000 nmethod 503 0x0000000002e05ed0 code [0x0000000002e060a0, 0x0000000002e06958]
Event: 0.744 Thread 0x0000000017671000  508       3       sun.reflect.ClassFileAssembler::emitByte (11 bytes)

GC Heap History (2 events):
Event: 0.738 GC heap before
{Heap before GC invocations=1 (full 0):
 PSYoungGen      total 37888K, used 32768K [0x00000000d6300000, 0x00000000d8d00000, 0x0000000100000000)
  eden space 32768K, 100% used [0x00000000d6300000,0x00000000d8300000,0x00000000d8300000)
  from space 5120K, 0% used [0x00000000d8800000,0x00000000d8800000,0x00000000d8d00000)
  to   space 5120K, 0% used [0x00000000d8300000,0x00000000d8300000,0x00000000d8800000)
 ParOldGen       total 86016K, used 0K [0x0000000082800000, 0x0000000087c00000, 0x00000000d6300000)
  object space 86016K, 0% used [0x0000000082800000,0x0000000082800000,0x0000000087c00000)
 Metaspace       used 7401K, capacity 7516K, committed 7680K, reserved 1056768K
  class space    used 875K, capacity 912K, committed 1024K, reserved 1048576K
Event: 0.740 GC heap after
Heap after GC invocations=1 (full 0):
 PSYoungGen      total 37888K, used 2515K [0x00000000d6300000, 0x00000000d8d00000, 0x0000000100000000)
  eden space 32768K, 0% used [0x00000000d6300000,0x00000000d6300000,0x00000000d8300000)
  from space 5120K, 49% used [0x00000000d8300000,0x00000000d8574df0,0x00000000d8800000)
  to   space 5120K, 0% used [0x00000000d8800000,0x00000000d8800000,0x00000000d8d00000)
 ParOldGen       total 86016K, used 8K [0x0000000082800000, 0x0000000087c00000, 0x00000000d6300000)
  object space 86016K, 0% used [0x0000000082800000,0x0000000082802000,0x0000000087c00000)
 Metaspace       used 7401K, capacity 7516K, committed 7680K, reserved 1056768K
  class space    used 875K, capacity 912K, committed 1024K, reserved 1048576K
}

Deoptimization events (6 events):
Event: 0.258 Thread 0x00000000029e3000 Uncommon trap: reason=unstable_if action=reinterpret pc=0x0000000002d114d0 method=java.lang.String.indexOf([CII[CIII)I @ 123
Event: 0.258 Thread 0x00000000029e3000 Uncommon trap: reason=unstable_if action=reinterpret pc=0x0000000002d00f3c method=java.lang.String.indexOf([CII[CIII)I @ 123
Event: 0.372 Thread 0x00000000029e3000 Uncommon trap: reason=unstable_if action=reinterpret pc=0x0000000002da0ec4 method=java.lang.AbstractStringBuilder.append(Ljava/lang/String;)Ljava/lang/AbstractStringBuilder; @ 1
Event: 0.461 Thread 0x00000000029e3000 Uncommon trap: reason=unstable_if action=reinterpret pc=0x0000000002dae348 method=java.io.WinNTFileSystem.normalize(Ljava/lang/String;)Ljava/lang/String; @ 128
Event: 0.473 Thread 0x00000000029e3000 Uncommon trap: reason=unstable_if action=reinterpret pc=0x0000000002d8de14 method=java.lang.String.indexOf([CII[CIII)I @ 3
Event: 0.709 Thread 0x00000000029e3000 Uncommon trap: reason=unstable_if action=reinterpret pc=0x0000000002df9d44 method=org.sqlite.SQLiteJDBCLoader.contentsEquals(Ljava/io/InputStream;Ljava/io/InputStream;)Z @ 39

Classes redefined (0 events):
No events

Internal exceptions (10 events):
Event: 0.351 Thread 0x00000000029e3000 Exception <a 'java/lang/ClassNotFoundException': org/apache/log4j/AppenderSkeletonCustomizer> (0x00000000d6bb31e8) thrown at [C:\re\workspace\8-2-build-windows-amd64-cygwin\jdk8u171\10807\hotspot\src\share\vm\classfile\systemDictionary.cpp, line 210]
Event: 0.359 Thread 0x00000000029e3000 Exception <a 'java/lang/ClassNotFoundException': org/apache/log4j/WriterAppenderCustomizer> (0x00000000d6be0388) thrown at [C:\re\workspace\8-2-build-windows-amd64-cygwin\jdk8u171\10807\hotspot\src\share\vm\classfile\systemDictionary.cpp, line 210]
Event: 0.362 Thread 0x00000000029e3000 Exception <a 'java/lang/ClassNotFoundException': org/apache/log4j/FileAppenderCustomizer> (0x00000000d6bf9800) thrown at [C:\re\workspace\8-2-build-windows-amd64-cygwin\jdk8u171\10807\hotspot\src\share\vm\classfile\systemDictionary.cpp, line 210]
Event: 0.372 Thread 0x00000000029e3000 Implicit null exception at 0x0000000002da0b16 to 0x0000000002da0ead
Event: 0.393 Thread 0x00000000029e3000 Exception <a 'java/lang/ClassNotFoundException': org/apache/log4j/PatternLayoutBeanInfo> (0x00000000d6c925d0) thrown at [C:\re\workspace\8-2-build-windows-amd64-cygwin\jdk8u171\10807\hotspot\src\share\vm\classfile\systemDictionary.cpp, line 210]
Event: 0.394 Thread 0x00000000029e3000 Exception <a 'java/lang/ClassNotFoundException': org/apache/log4j/LayoutBeanInfo> (0x00000000d6c9e3f8) thrown at [C:\re\workspace\8-2-build-windows-amd64-cygwin\jdk8u171\10807\hotspot\src\share\vm\classfile\systemDictionary.cpp, line 210]
Event: 0.394 Thread 0x00000000029e3000 Exception <a 'java/lang/ClassNotFoundException': org/apache/log4j/LayoutCustomizer> (0x00000000d6caa5b0) thrown at [C:\re\workspace\8-2-build-windows-amd64-cygwin\jdk8u171\10807\hotspot\src\share\vm\classfile\systemDictionary.cpp, line 210]
Event: 0.395 Thread 0x00000000029e3000 Exception <a 'java/lang/ClassNotFoundException': org/apache/log4j/PatternLayoutCustomizer> (0x00000000d6cbb960) thrown at [C:\re\workspace\8-2-build-windows-amd64-cygwin\jdk8u171\10807\hotspot\src\share\vm\classfile\systemDictionary.cpp, line 210]
Event: 0.408 Thread 0x00000000029e3000 Exception <a 'java/lang/ClassNotFoundException': org/apache/log4j/RollingFileAppenderBeanInfo> (0x00000000d6d16540) thrown at [C:\re\workspace\8-2-build-windows-amd64-cygwin\jdk8u171\10807\hotspot\src\share\vm\classfile\systemDictionary.cpp, line 210]
Event: 0.408 Thread 0x00000000029e3000 Exception <a 'java/lang/ClassNotFoundException': org/apache/log4j/RollingFileAppenderCustomizer> (0x00000000d6d23b58) thrown at [C:\re\workspace\8-2-build-windows-amd64-cygwin\jdk8u171\10807\hotspot\src\share\vm\classfile\systemDictionary.cpp, line 210]

Events (10 events):
Event: 0.742 loading class java/lang/Throwable$PrintStreamOrWriter
Event: 0.742 loading class java/lang/Throwable$PrintStreamOrWriter done
Event: 0.742 loading class sun/reflect/ClassFileAssembler done
Event: 0.742 loading class java/lang/Throwable$WrappedPrintStream done
Event: 0.743 loading class java/util/IdentityHashMap$KeySet
Event: 0.743 loading class java/util/IdentityHashMap$KeySet done
Event: 0.743 loading class sun/reflect/UTF8
Event: 0.743 loading class sun/reflect/UTF8 done
Event: 0.744 loading class sun/reflect/Label
Event: 0.744 loading class sun/reflect/Label done


Dynamic libraries:
0x00007ff7aece0000 - 0x00007ff7aed17000 	C:\Program Files\Java\jdk1.8.0_171\bin\javaw.exe
0x00007ffcd6ac0000 - 0x00007ffcd6ca1000 	C:\WINDOWS\SYSTEM32\ntdll.dll
0x00007ffcd5740000 - 0x00007ffcd57f2000 	C:\WINDOWS\System32\KERNEL32.DLL
0x00007ffcd3c20000 - 0x00007ffcd3e93000 	C:\WINDOWS\System32\KERNELBASE.dll
0x00007ffcd69e0000 - 0x00007ffcd6a81000 	C:\WINDOWS\System32\ADVAPI32.dll
0x00007ffcd5c30000 - 0x00007ffcd5cce000 	C:\WINDOWS\System32\msvcrt.dll
0x00007ffcd68b0000 - 0x00007ffcd690b000 	C:\WINDOWS\System32\sechost.dll
0x00007ffcd6000000 - 0x00007ffcd6124000 	C:\WINDOWS\System32\RPCRT4.dll
0x00007ffcd62a0000 - 0x00007ffcd6430000 	C:\WINDOWS\System32\USER32.dll
0x00007ffcd3b80000 - 0x00007ffcd3ba0000 	C:\WINDOWS\System32\win32u.dll
0x00007ffcd6880000 - 0x00007ffcd68a8000 	C:\WINDOWS\System32\GDI32.dll
0x00007ffcd39e0000 - 0x00007ffcd3b72000 	C:\WINDOWS\System32\gdi32full.dll
0x00007ffcd38e0000 - 0x00007ffcd397f000 	C:\WINDOWS\System32\msvcp_win.dll
0x00007ffcd35f0000 - 0x00007ffcd36ea000 	C:\WINDOWS\System32\ucrtbase.dll
0x00007ffcbdec0000 - 0x00007ffcbe129000 	C:\WINDOWS\WinSxS\amd64_microsoft.windows.common-controls_6595b64144ccf1df_6.0.17134.407_none_fb449d63306391e9\COMCTL32.dll
0x00007ffcd3f50000 - 0x00007ffcd4272000 	C:\WINDOWS\System32\combase.dll
0x00007ffcd3ba0000 - 0x00007ffcd3c1a000 	C:\WINDOWS\System32\bcryptPrimitives.dll
0x00007ffcd5c00000 - 0x00007ffcd5c2d000 	C:\WINDOWS\System32\IMM32.DLL
0x00000000684f0000 - 0x00000000685c2000 	C:\Program Files\Java\jdk1.8.0_171\jre\bin\msvcr100.dll
0x0000000067c50000 - 0x00000000684f0000 	C:\Program Files\Java\jdk1.8.0_171\jre\bin\server\jvm.dll
0x00007ffcd6130000 - 0x00007ffcd6138000 	C:\WINDOWS\System32\PSAPI.DLL
0x00007ffc9c7d0000 - 0x00007ffc9c7d9000 	C:\WINDOWS\SYSTEM32\WSOCK32.dll
0x00007ffcd6970000 - 0x00007ffcd69dc000 	C:\WINDOWS\System32\WS2_32.dll
0x00007ffcd0df0000 - 0x00007ffcd0e13000 	C:\WINDOWS\SYSTEM32\WINMM.dll
0x00007ffcc6380000 - 0x00007ffcc638a000 	C:\WINDOWS\SYSTEM32\VERSION.dll
0x00007ffcd0dc0000 - 0x00007ffcd0dea000 	C:\WINDOWS\SYSTEM32\WINMMBASE.dll
0x00007ffcd2e90000 - 0x00007ffcd2ed9000 	C:\WINDOWS\System32\cfgmgr32.dll
0x0000000067c40000 - 0x0000000067c4f000 	C:\Program Files\Java\jdk1.8.0_171\jre\bin\verify.dll
0x0000000067c10000 - 0x0000000067c39000 	C:\Program Files\Java\jdk1.8.0_171\jre\bin\java.dll
0x0000000067bf0000 - 0x0000000067c06000 	C:\Program Files\Java\jdk1.8.0_171\jre\bin\zip.dll
0x00007ffcd4280000 - 0x00007ffcd56bf000 	C:\WINDOWS\System32\SHELL32.dll
0x00007ffcd5f50000 - 0x00007ffcd5ff9000 	C:\WINDOWS\System32\shcore.dll
0x00007ffcd2ee0000 - 0x00007ffcd35ed000 	C:\WINDOWS\System32\windows.storage.dll
0x00007ffcd5aa0000 - 0x00007ffcd5af1000 	C:\WINDOWS\System32\shlwapi.dll
0x00007ffcd2dd0000 - 0x00007ffcd2de1000 	C:\WINDOWS\System32\kernel.appcore.dll
0x00007ffcd2e40000 - 0x00007ffcd2e5f000 	C:\WINDOWS\System32\profapi.dll
0x00007ffcd2df0000 - 0x00007ffcd2e3c000 	C:\WINDOWS\System32\powrprof.dll
0x00007ffcd2e80000 - 0x00007ffcd2e8a000 	C:\WINDOWS\System32\FLTLIB.DLL
0x0000000067bd0000 - 0x0000000067bea000 	C:\Program Files\Java\jdk1.8.0_171\jre\bin\net.dll
0x00007ffcd25f0000 - 0x00007ffcd2656000 	C:\WINDOWS\system32\mswsock.dll
0x00007ffcd27a0000 - 0x00007ffcd27b7000 	C:\WINDOWS\SYSTEM32\CRYPTSP.dll
0x00007ffcd21d0000 - 0x00007ffcd2203000 	C:\WINDOWS\system32\rsaenh.dll
0x00007ffcd28d0000 - 0x00007ffcd28f5000 	C:\WINDOWS\SYSTEM32\bcrypt.dll
0x00007ffcd2d00000 - 0x00007ffcd2d28000 	C:\WINDOWS\SYSTEM32\USERENV.dll
0x00007ffcd27c0000 - 0x00007ffcd27cb000 	C:\WINDOWS\SYSTEM32\CRYPTBASE.dll
0x00007ffcd2370000 - 0x00007ffcd23a8000 	C:\WINDOWS\SYSTEM32\IPHLPAPI.DLL
0x00007ffcd5cd0000 - 0x00007ffcd5cd8000 	C:\WINDOWS\System32\NSI.dll
0x00007ffcc8eb0000 - 0x00007ffcc8ec6000 	C:\WINDOWS\SYSTEM32\dhcpcsvc6.DLL
0x00007ffcc9280000 - 0x00007ffcc929a000 	C:\WINDOWS\SYSTEM32\dhcpcsvc.DLL
0x0000000067bb0000 - 0x0000000067bc1000 	C:\Program Files\Java\jdk1.8.0_171\jre\bin\nio.dll
0x0000000070400000 - 0x00000000704f7000 	C:\Users\Usuario\AppData\Local\Temp\sqlite-3.23.1-8904ba20-2507-4ac6-9955-645ad8bff57c-sqlitejdbc.dll
0x00007ffcbe130000 - 0x00007ffcbe2f9000 	C:\WINDOWS\SYSTEM32\dbghelp.dll

VM Arguments:
jvm_args: -ea -Dfile.encoding=UTF-8 
java_command: org.eclipse.jdt.internal.junit.runner.RemoteTestRunner -version 3 -port 49322 -testLoaderClass org.eclipse.jdt.internal.junit4.runner.JUnit4TestLoader -loaderpluginname org.eclipse.jdt.junit4.runtime -classNames grupo2.ContiperfTest
java_class_path (initial): C:\Gorka Otermin\2019 (1st Semester)\PROCESO DE SOFTWARE Y CALIDAD\PROYECTO\GRUPO2_PSC_1819\target\test-classes;C:\Gorka Otermin\2019 (1st Semester)\PROCESO DE SOFTWARE Y CALIDAD\PROYECTO\GRUPO2_PSC_1819\target\classes;C:\Users\Usuario\.m2\repository\org\mockito\mockito-core\2.23.4\mockito-core-2.23.4.jar;C:\Users\Usuario\.m2\repository\net\bytebuddy\byte-buddy\1.9.3\byte-buddy-1.9.3.jar;C:\Users\Usuario\.m2\repository\net\bytebuddy\byte-buddy-agent\1.9.3\byte-buddy-agent-1.9.3.jar;C:\Users\Usuario\.m2\repository\org\objenesis\objenesis\2.6\objenesis-2.6.jar;C:\Users\Usuario\.m2\repository\log4j\log4j\1.2.17\log4j-1.2.17.jar;C:\Users\Usuario\.m2\repository\org\xerial\sqlite-jdbc\3.23.1\sqlite-jdbc-3.23.1.jar;C:\Users\Usuario\.m2\repository\org\eclipse\ui\forms\3.3.0-v20070511\forms-3.3.0-v20070511.jar;C:\Users\Usuario\.m2\repository\org\eclipse\core\runtime\3.10.0-v20140318-2214\runtime-3.10.0-v20140318-2214.jar;C:\Users\Usuario\.m2\repository\org\eclipse\osgi\3.10.0-v20140606-1445\osgi-3.10.0-v20140606-1445.jar;C:\Users\Usuario\.m2\repository\org\eclipse\equinox\common\3.6.200-v20130402-1505\common-3.6.200-v20130402-1505.jar;C:\Users\Usuario\.m2\repository\org\eclipse\core\jobs\3.6.0-v20140424-0053\jobs-3.6.0-v20140424-0053.jar;C:\Users\Usuario\.m2\repository\org\eclipse\equinox\registry\3.5.400-v20140428-1507\registry-3.5.400-v20140428-1507.jar;C:\Users\Usuario\.m2\repository\org\eclipse\equinox\preferences\3.5.200-v20140224-1527\preferences-3.5.200-v20140224-1527.jar;C:\Users\Usuario\.m2\repository\org\eclipse\core\contenttype\3.4.200-v20140207-1251\contenttype-3.4.200-v20140207-1251.jar;C:\Users\Usuario\.m2\repository\org\eclipse\equinox\app\1.3.200-v20130910-1609\app-1.3.200-v20130910-1609.jar;C:\Users\Usuario\.m2\repository\org\eclipse\jface\3.3.0-I20070606-0010\jface-3.3.0-I20070606-0010.jar;C:\Users\Usuario\.m2\repository\org\eclipse\swt\3.3.0-v3346\swt-3.3.0-v3346.jar;C:\Users\Usuario\.m2\repository\org\eclipse\core\commands\3.3
Launcher Type: SUN_STANDARD

Environment Variables:
JAVA_HOME=C:\Program Files\Java\jdk1.8.0_171
PATH=C:/Program Files/Java/jre1.8.0_191/bin/server;C:/Program Files/Java/jre1.8.0_191/bin;C:/Program Files/Java/jre1.8.0_191/lib/amd64;C:\Program Files\Java\jdk1.8.0_171;C:\Program Files (x86)\Common Files\Oracle\Java\javapath;C:\WINDOWS\system32;C:\WINDOWS;C:\WINDOWS\System32\Wbem;C:\WINDOWS\System32\WindowsPowerShell\v1.0\;C:\WINDOWS\System32\OpenSSH\;C:\Program Files\Git\bin;C:\Program Files\apache-maven-3.5.4\bin;C:\Program Files\Java\jre1.8.0_171\bin;C:\Program Files\Java\jdk1.8.0_171;C:\Program Files\doxygen\bin;C:\Program Files\MiKTeX 2.9\miktex\bin\x64;C:\Program Files\gs\gs9.25\bin;C:\Program Files (x86)\Graphviz2.38\bin;C:\Users\Usuario\AppData\Local\Microsoft\WindowsApps;;C:\WINDOWS\system32;
USERNAME=Gorka
OS=Windows_NT
PROCESSOR_IDENTIFIER=Intel64 Family 6 Model 142 Stepping 9, GenuineIntel



---------------  S Y S T E M  ---------------

OS: Windows 10.0 , 64 bit Build 17134 (10.0.17134.1)

CPU:total 4 (initial active 4) (2 cores per cpu, 2 threads per core) family 6 model 142 stepping 9, cmov, cx8, fxsr, mmx, sse, sse2, sse3, ssse3, sse4.1, sse4.2, popcnt, avx, avx2, aes, clmul, erms, 3dnowpref, lzcnt, ht, tsc, tscinvbit, bmi1, bmi2, adx

Memory: 4k page, physical 8219368k(2378736k free), swap 11365096k(2974308k free)

vm_info: Java HotSpot(TM) 64-Bit Server VM (25.171-b11) for windows-amd64 JRE (1.8.0_171-b11), built on Mar 28 2018 16:06:12 by "java_re" with MS VC++ 10.0 (VS2010)

time: Fri Nov 30 18:40:43 2018
elapsed time: 0 seconds (0d 0h 0m 0s)

